[ 2017-10-01T00:05:23+08:00 ] 127.0.0.1 /yidao/Public/Admin/static/images/icon24_login.png
INFO: [ app_init ] --START--
INFO: Run Behavior\BuildLiteBehavior [ RunTime:0.000009s ]
INFO: [ app_init ] --END-- [ RunTime:0.000334s ]
ERR: 无法加载模块:Public

[ 2017-10-01T00:15:05+08:00 ] 127.0.0.1 /yidao/Public/Admin/static/images/icon24_login.png
INFO: [ app_init ] --START--
INFO: Run Behavior\BuildLiteBehavior [ RunTime:0.000011s ]
INFO: [ app_init ] --END-- [ RunTime:0.000310s ]
ERR: 无法加载模块:Public

[ 2017-10-01T00:15:14+08:00 ] 127.0.0.1 /yidao/Public/Admin/static/images/loading_icon.gif
INFO: [ app_init ] --START--
INFO: Run Behavior\BuildLiteBehavior [ RunTime:0.000010s ]
INFO: [ app_init ] --END-- [ RunTime:0.000276s ]
ERR: 无法加载模块:Public

[ 2017-10-01T01:53:28+08:00 ] 127.0.0.1 /yidao/Public/Admin/static/images/icon24_login.png
INFO: [ app_init ] --START--
INFO: Run Behavior\BuildLiteBehavior [ RunTime:0.000013s ]
INFO: [ app_init ] --END-- [ RunTime:0.000667s ]
ERR: 无法加载模块:Public

[ 2017-10-01T01:53:45+08:00 ] 127.0.0.1 /yidao/Public/Admin/static/images/loading_icon.gif
INFO: [ app_init ] --START--
INFO: Run Behavior\BuildLiteBehavior [ RunTime:0.000008s ]
INFO: [ app_init ] --END-- [ RunTime:0.000259s ]
ERR: 无法加载模块:Public

