[ 2017-10-09T09:34:33+08:00 ] 127.0.0.1 /yidao/index.php/ydapi/Index/price.cc
INFO: [ app_init ] --START--
INFO: Run Behavior\BuildLiteBehavior [ RunTime:0.000036s ]
INFO: [ app_init ] --END-- [ RunTime:0.007704s ]
INFO: [ app_begin ] --START--
INFO: Run Behavior\ReadHtmlCacheBehavior [ RunTime:0.002548s ]
INFO: [ app_begin ] --END-- [ RunTime:0.002708s ]
SQL: SHOW COLUMNS FROM `yd_orderlist` [ RunTime:0.0012s ]
NOTIC: [8] Undefined index: pnum F:\AppServ\www\yidao\Application\Admin\Model\PcarModel.class.php 第 362 行.
SQL: SHOW COLUMNS FROM `yd_line` [ RunTime:0.0008s ]
SQL: SELECT bprice,addp,AsText(startg) as startg,AsText(endg) as endg FROM yd_line where id=5 [ RunTime:0.0008s ]

[ 2017-10-09T09:34:46+08:00 ] 127.0.0.1 /yidao/index.php/ydapi/Index/price.cc
INFO: [ app_init ] --START--
INFO: Run Behavior\BuildLiteBehavior [ RunTime:0.000011s ]
INFO: [ app_init ] --END-- [ RunTime:0.000356s ]
INFO: [ app_begin ] --START--
INFO: Run Behavior\ReadHtmlCacheBehavior [ RunTime:0.000516s ]
INFO: [ app_begin ] --END-- [ RunTime:0.000556s ]
SQL: SHOW COLUMNS FROM `yd_orderlist` [ RunTime:0.0006s ]
NOTIC: [8] Undefined index: pnum F:\AppServ\www\yidao\Application\Admin\Model\PcarModel.class.php 第 362 行.
SQL: SHOW COLUMNS FROM `yd_line` [ RunTime:0.0004s ]
SQL: SELECT bprice,addp,AsText(startg) as startg,AsText(endg) as endg FROM yd_line where id=5 [ RunTime:0.0004s ]

[ 2017-10-09T09:38:05+08:00 ] 127.0.0.1 /yidao/index.php/ydapi/Index/price.cc
INFO: [ app_init ] --START--
INFO: Run Behavior\BuildLiteBehavior [ RunTime:0.000010s ]
INFO: [ app_init ] --END-- [ RunTime:0.000306s ]
INFO: [ app_begin ] --START--
INFO: Run Behavior\ReadHtmlCacheBehavior [ RunTime:0.000473s ]
INFO: [ app_begin ] --END-- [ RunTime:0.000507s ]
SQL: SHOW COLUMNS FROM `yd_orderlist` [ RunTime:0.0006s ]
NOTIC: [8] Undefined index: pnum F:\AppServ\www\yidao\Application\Admin\Model\PcarModel.class.php 第 362 行.
SQL: SHOW COLUMNS FROM `yd_line` [ RunTime:0.0004s ]
SQL: SELECT bprice,addp,AsText(startg) as startg,AsText(endg) as endg FROM yd_line where id=5 [ RunTime:0.0004s ]

[ 2017-10-09T09:39:43+08:00 ] 127.0.0.1 /yidao/index.php/ydapi/Index/price.cc
INFO: [ app_init ] --START--
INFO: Run Behavior\BuildLiteBehavior [ RunTime:0.000009s ]
INFO: [ app_init ] --END-- [ RunTime:0.000261s ]
INFO: [ app_begin ] --START--
INFO: Run Behavior\ReadHtmlCacheBehavior [ RunTime:0.000437s ]
INFO: [ app_begin ] --END-- [ RunTime:0.000472s ]
ERR: SQLSTATE[HY000] [2000] mysqlnd cannot connect to MySQL 4.1+ using the old insecure authentication. Please use an administration tool to reset your password with the command SET PASSWORD = PASSWORD('your_existing_password'). This will store a new, and more secure, hash value in mysql.user. If this user is used in other scripts executed by PHP 5.2 or earlier you might need to remove the old-passwords flag from your my.cnf file

[ 2017-10-09T09:41:47+08:00 ] 127.0.0.1 /yidao/index.php/ydapi/Index/price.cc
INFO: [ app_init ] --START--
INFO: Run Behavior\BuildLiteBehavior [ RunTime:0.000038s ]
INFO: [ app_init ] --END-- [ RunTime:0.002311s ]
INFO: [ app_begin ] --START--
INFO: Run Behavior\ReadHtmlCacheBehavior [ RunTime:0.000509s ]
INFO: [ app_begin ] --END-- [ RunTime:0.000589s ]
SQL: SHOW COLUMNS FROM `yd_orderlist` [ RunTime:0.0006s ]
NOTIC: [8] Undefined index: pnum F:\AppServ\www\yidao\Application\Admin\Model\PcarModel.class.php 第 362 行.
SQL: SHOW COLUMNS FROM `yd_line` [ RunTime:0.0004s ]
SQL: SELECT bprice,addp,AsText(startg) as startg,AsText(endg) as endg FROM yd_line where id=5 [ RunTime:0.0004s ]

[ 2017-10-09T11:10:56+08:00 ] 127.0.0.1 /yidao/index.php/ydapi/index/index
INFO: [ app_init ] --START--
INFO: Run Behavior\BuildLiteBehavior [ RunTime:0.000008s ]
INFO: [ app_init ] --END-- [ RunTime:0.000302s ]
INFO: [ app_begin ] --START--
INFO: Run Behavior\ReadHtmlCacheBehavior [ RunTime:0.000602s ]
INFO: [ app_begin ] --END-- [ RunTime:0.000645s ]
NOTIC: [2] Missing argument 1 for Think\Controller::show(), called in F:\AppServ\www\yidao\Application\Ydapi\Controller\IndexController.class.php on line 21 and defined F:\AppServ\www\yidao\ThinkPHP\Library\Think\Controller.class.php 第 68 行.
NOTIC: [8] Undefined variable: content F:\AppServ\www\yidao\ThinkPHP\Library\Think\Controller.class.php 第 69 行.
INFO: [ view_parse ] --START--
INFO: [ template_filter ] --START--
INFO: Run Behavior\ContentReplaceBehavior [ RunTime:0.000588s ]
INFO: [ template_filter ] --END-- [ RunTime:0.000751s ]
INFO: Run Behavior\ParseTemplateBehavior [ RunTime:0.132733s ]
INFO: [ view_parse ] --END-- [ RunTime:0.132959s ]
INFO: [ view_filter ] --START--
INFO: Run Behavior\WriteHtmlCacheBehavior [ RunTime:0.001925s ]
INFO: [ view_filter ] --END-- [ RunTime:0.002043s ]
INFO: [ app_end ] --START--
INFO: Run Behavior\ShowPageTraceBehavior [ RunTime:0.002465s ]
INFO: [ app_end ] --END-- [ RunTime:0.002608s ]

[ 2017-10-09T13:47:58+08:00 ] 192.168.4.102 /yidao/index.php/ydapi/index
INFO: [ app_init ] --START--
INFO: Run Behavior\BuildLiteBehavior [ RunTime:0.000016s ]
INFO: [ app_init ] --END-- [ RunTime:0.000588s ]
INFO: [ app_begin ] --START--
INFO: Run Behavior\ReadHtmlCacheBehavior [ RunTime:0.000817s ]
INFO: [ app_begin ] --END-- [ RunTime:0.000885s ]
NOTIC: [2] Missing argument 1 for Think\Controller::show(), called in F:\AppServ\www\yidao\Application\Ydapi\Controller\IndexController.class.php on line 21 and defined F:\AppServ\www\yidao\ThinkPHP\Library\Think\Controller.class.php 第 68 行.
NOTIC: [8] Undefined variable: content F:\AppServ\www\yidao\ThinkPHP\Library\Think\Controller.class.php 第 69 行.
INFO: [ view_parse ] --START--
INFO: [ template_filter ] --START--
INFO: Run Behavior\ContentReplaceBehavior [ RunTime:0.000143s ]
INFO: [ template_filter ] --END-- [ RunTime:0.000183s ]
INFO: Run Behavior\ParseTemplateBehavior [ RunTime:0.023840s ]
INFO: [ view_parse ] --END-- [ RunTime:0.023921s ]
INFO: [ view_filter ] --START--
INFO: Run Behavior\WriteHtmlCacheBehavior [ RunTime:0.000302s ]
INFO: [ view_filter ] --END-- [ RunTime:0.000328s ]
INFO: [ app_end ] --START--
INFO: Run Behavior\ShowPageTraceBehavior [ RunTime:0.000437s ]
INFO: [ app_end ] --END-- [ RunTime:0.000466s ]

[ 2017-10-09T14:38:14+08:00 ] 127.0.0.1 /yidao/index.php/ydapi/Index/price.cc
INFO: [ app_init ] --START--
INFO: Run Behavior\BuildLiteBehavior [ RunTime:0.000020s ]
INFO: [ app_init ] --END-- [ RunTime:0.000539s ]
INFO: [ app_begin ] --START--
INFO: Run Behavior\ReadHtmlCacheBehavior [ RunTime:0.000447s ]
INFO: [ app_begin ] --END-- [ RunTime:0.000484s ]
SQL: SHOW COLUMNS FROM `yd_orderlist` [ RunTime:0.0006s ]
NOTIC: [8] Undefined index: pnum F:\AppServ\www\yidao\Application\Admin\Model\PcarModel.class.php 第 362 行.
SQL: SHOW COLUMNS FROM `yd_line` [ RunTime:0.0016s ]
SQL: SELECT bprice,addp,AsText(startg) as startg,AsText(endg) as endg FROM yd_line where id=5 [ RunTime:0.0006s ]

[ 2017-10-09T14:38:26+08:00 ] 127.0.0.1 /yidao/index.php/ydapi/Index/price.cc
INFO: [ app_init ] --START--
INFO: Run Behavior\BuildLiteBehavior [ RunTime:0.000008s ]
INFO: [ app_init ] --END-- [ RunTime:0.000247s ]
INFO: [ app_begin ] --START--
INFO: Run Behavior\ReadHtmlCacheBehavior [ RunTime:0.000319s ]
INFO: [ app_begin ] --END-- [ RunTime:0.000355s ]
SQL: SHOW COLUMNS FROM `yd_orderlist` [ RunTime:0.0006s ]
NOTIC: [8] Undefined index: pnum F:\AppServ\www\yidao\Application\Admin\Model\PcarModel.class.php 第 362 行.
SQL: SHOW COLUMNS FROM `yd_line` [ RunTime:0.0013s ]
SQL: SELECT bprice,addp,AsText(startg) as startg,AsText(endg) as endg FROM yd_line where id=6 [ RunTime:0.0005s ]

[ 2017-10-09T14:38:31+08:00 ] 127.0.0.1 /yidao/index.php/ydapi/Index/price.cc
INFO: [ app_init ] --START--
INFO: Run Behavior\BuildLiteBehavior [ RunTime:0.000008s ]
INFO: [ app_init ] --END-- [ RunTime:0.000274s ]
INFO: [ app_begin ] --START--
INFO: Run Behavior\ReadHtmlCacheBehavior [ RunTime:0.000387s ]
INFO: [ app_begin ] --END-- [ RunTime:0.000445s ]
SQL: SHOW COLUMNS FROM `yd_orderlist` [ RunTime:0.0006s ]
NOTIC: [8] Undefined index: pnum F:\AppServ\www\yidao\Application\Admin\Model\PcarModel.class.php 第 362 行.
SQL: SHOW COLUMNS FROM `yd_line` [ RunTime:0.0011s ]
SQL: SELECT bprice,addp,AsText(startg) as startg,AsText(endg) as endg FROM yd_line where id=7 [ RunTime:0.0005s ]

[ 2017-10-09T14:48:34+08:00 ] 127.0.0.1 /yidao/index.php/ydapi/Index/price.cc
INFO: [ app_init ] --START--
INFO: Run Behavior\BuildLiteBehavior [ RunTime:0.000010s ]
INFO: [ app_init ] --END-- [ RunTime:0.000307s ]
INFO: [ app_begin ] --START--
INFO: Run Behavior\ReadHtmlCacheBehavior [ RunTime:0.000458s ]
INFO: [ app_begin ] --END-- [ RunTime:0.000496s ]
SQL: SHOW COLUMNS FROM `yd_orderlist` [ RunTime:0.0007s ]
NOTIC: [8] Undefined index: pnum F:\AppServ\www\yidao\Application\Admin\Model\PcarModel.class.php 第 362 行.
SQL: SHOW COLUMNS FROM `yd_line` [ RunTime:0.0013s ]
SQL: SELECT bprice,addp,AsText(startg) as startg,AsText(endg) as endg FROM yd_line where id=6 [ RunTime:0.0005s ]

[ 2017-10-09T14:56:22+08:00 ] 127.0.0.1 /yidao/index.php/ydapi/Index/price.cc
INFO: [ app_init ] --START--
INFO: Run Behavior\BuildLiteBehavior [ RunTime:0.000009s ]
INFO: [ app_init ] --END-- [ RunTime:0.000301s ]
INFO: [ app_begin ] --START--
INFO: Run Behavior\ReadHtmlCacheBehavior [ RunTime:0.000443s ]
INFO: [ app_begin ] --END-- [ RunTime:0.000484s ]
SQL: SHOW COLUMNS FROM `yd_orderlist` [ RunTime:0.0006s ]

[ 2017-10-09T14:56:37+08:00 ] 127.0.0.1 /yidao/index.php/ydapi/Index/price.cc
INFO: [ app_init ] --START--
INFO: Run Behavior\BuildLiteBehavior [ RunTime:0.000022s ]
INFO: [ app_init ] --END-- [ RunTime:0.000739s ]
INFO: [ app_begin ] --START--
INFO: Run Behavior\ReadHtmlCacheBehavior [ RunTime:0.000383s ]
INFO: [ app_begin ] --END-- [ RunTime:0.000435s ]
SQL: SHOW COLUMNS FROM `yd_orderlist` [ RunTime:0.0006s ]
NOTIC: [8] Undefined index: pnum F:\AppServ\www\yidao\Application\Admin\Model\PcarModel.class.php 第 362 行.
SQL: SHOW COLUMNS FROM `yd_line` [ RunTime:0.0004s ]
SQL: SELECT bprice,addp,AsText(startg) as startg,AsText(endg) as endg FROM yd_line where id=5 [ RunTime:0.0005s ]

[ 2017-10-09T14:57:30+08:00 ] 127.0.0.1 /yidao/index.php/ydapi/Index/price.cc
INFO: [ app_init ] --START--
INFO: Run Behavior\BuildLiteBehavior [ RunTime:0.000019s ]
INFO: [ app_init ] --END-- [ RunTime:0.000617s ]
INFO: [ app_begin ] --START--
INFO: Run Behavior\ReadHtmlCacheBehavior [ RunTime:0.000324s ]
INFO: [ app_begin ] --END-- [ RunTime:0.000360s ]
SQL: SHOW COLUMNS FROM `yd_orderlist` [ RunTime:0.0006s ]
NOTIC: [8] Undefined index: pnum F:\AppServ\www\yidao\Application\Admin\Model\PcarModel.class.php 第 362 行.
SQL: SHOW COLUMNS FROM `yd_line` [ RunTime:0.0004s ]
SQL: SELECT bprice,addp,AsText(startg) as startg,AsText(endg) as endg FROM yd_line where id=5 [ RunTime:0.0005s ]

[ 2017-10-09T14:57:36+08:00 ] 127.0.0.1 /yidao/index.php/ydapi/Index/price.cc
INFO: [ app_init ] --START--
INFO: Run Behavior\BuildLiteBehavior [ RunTime:0.000009s ]
INFO: [ app_init ] --END-- [ RunTime:0.000272s ]
INFO: [ app_begin ] --START--
INFO: Run Behavior\ReadHtmlCacheBehavior [ RunTime:0.000356s ]
INFO: [ app_begin ] --END-- [ RunTime:0.000391s ]
SQL: SHOW COLUMNS FROM `yd_orderlist` [ RunTime:0.0006s ]
NOTIC: [8] Undefined index: pnum F:\AppServ\www\yidao\Application\Admin\Model\PcarModel.class.php 第 362 行.
SQL: SHOW COLUMNS FROM `yd_line` [ RunTime:0.0011s ]
SQL: SELECT bprice,addp,AsText(startg) as startg,AsText(endg) as endg FROM yd_line where id=6 [ RunTime:0.0004s ]

[ 2017-10-09T14:57:47+08:00 ] 127.0.0.1 /yidao/index.php/ydapi/Index/price.cc
INFO: [ app_init ] --START--
INFO: Run Behavior\BuildLiteBehavior [ RunTime:0.000010s ]
INFO: [ app_init ] --END-- [ RunTime:0.000280s ]
INFO: [ app_begin ] --START--
INFO: Run Behavior\ReadHtmlCacheBehavior [ RunTime:0.000335s ]
INFO: [ app_begin ] --END-- [ RunTime:0.000370s ]
SQL: SHOW COLUMNS FROM `yd_orderlist` [ RunTime:0.0006s ]
NOTIC: [8] Undefined index: pnum F:\AppServ\www\yidao\Application\Admin\Model\PcarModel.class.php 第 362 行.
SQL: SHOW COLUMNS FROM `yd_line` [ RunTime:0.0012s ]
SQL: SELECT bprice,addp,AsText(startg) as startg,AsText(endg) as endg FROM yd_line where id=6 [ RunTime:0.0004s ]

[ 2017-10-09T14:57:49+08:00 ] 127.0.0.1 /yidao/index.php/ydapi/Index/price.cc
INFO: [ app_init ] --START--
INFO: Run Behavior\BuildLiteBehavior [ RunTime:0.000011s ]
INFO: [ app_init ] --END-- [ RunTime:0.000274s ]
INFO: [ app_begin ] --START--
INFO: Run Behavior\ReadHtmlCacheBehavior [ RunTime:0.000336s ]
INFO: [ app_begin ] --END-- [ RunTime:0.000374s ]
SQL: SHOW COLUMNS FROM `yd_orderlist` [ RunTime:0.0006s ]
NOTIC: [8] Undefined index: pnum F:\AppServ\www\yidao\Application\Admin\Model\PcarModel.class.php 第 362 行.
SQL: SHOW COLUMNS FROM `yd_line` [ RunTime:0.0012s ]
SQL: SELECT bprice,addp,AsText(startg) as startg,AsText(endg) as endg FROM yd_line where id=6 [ RunTime:0.0004s ]

[ 2017-10-09T14:57:51+08:00 ] 127.0.0.1 /yidao/index.php/ydapi/Index/price.cc
INFO: [ app_init ] --START--
INFO: Run Behavior\BuildLiteBehavior [ RunTime:0.000011s ]
INFO: [ app_init ] --END-- [ RunTime:0.000316s ]
INFO: [ app_begin ] --START--
INFO: Run Behavior\ReadHtmlCacheBehavior [ RunTime:0.000341s ]
INFO: [ app_begin ] --END-- [ RunTime:0.000378s ]
SQL: SHOW COLUMNS FROM `yd_orderlist` [ RunTime:0.0006s ]
NOTIC: [8] Undefined index: pnum F:\AppServ\www\yidao\Application\Admin\Model\PcarModel.class.php 第 362 行.
SQL: SHOW COLUMNS FROM `yd_line` [ RunTime:0.0012s ]
SQL: SELECT bprice,addp,AsText(startg) as startg,AsText(endg) as endg FROM yd_line where id=6 [ RunTime:0.0005s ]

[ 2017-10-09T14:58:15+08:00 ] 127.0.0.1 /yidao/index.php/ydapi/Index/price.cc
INFO: [ app_init ] --START--
INFO: Run Behavior\BuildLiteBehavior [ RunTime:0.000008s ]
INFO: [ app_init ] --END-- [ RunTime:0.000244s ]
INFO: [ app_begin ] --START--
INFO: Run Behavior\ReadHtmlCacheBehavior [ RunTime:0.000336s ]
INFO: [ app_begin ] --END-- [ RunTime:0.000368s ]
SQL: SHOW COLUMNS FROM `yd_orderlist` [ RunTime:0.0006s ]
NOTIC: [8] Undefined index: pnum F:\AppServ\www\yidao\Application\Admin\Model\PcarModel.class.php 第 362 行.
NOTIC: [8] Undefined variable: pum F:\AppServ\www\yidao\Application\Admin\Model\PcarModel.class.php 第 363 行.
SQL: SHOW COLUMNS FROM `yd_line` [ RunTime:0.0006s ]
SQL: SELECT bprice,addp,AsText(startg) as startg,AsText(endg) as endg FROM yd_line where id=6 [ RunTime:0.0005s ]

[ 2017-10-09T14:58:31+08:00 ] 127.0.0.1 /yidao/index.php/ydapi/Index/price.cc
INFO: [ app_init ] --START--
INFO: Run Behavior\BuildLiteBehavior [ RunTime:0.000009s ]
INFO: [ app_init ] --END-- [ RunTime:0.000314s ]
INFO: [ app_begin ] --START--
INFO: Run Behavior\ReadHtmlCacheBehavior [ RunTime:0.000530s ]
INFO: [ app_begin ] --END-- [ RunTime:0.000571s ]
SQL: SHOW COLUMNS FROM `yd_orderlist` [ RunTime:0.0013s ]
NOTIC: [8] Undefined variable: pum F:\AppServ\www\yidao\Application\Admin\Model\PcarModel.class.php 第 363 行.
SQL: SHOW COLUMNS FROM `yd_line` [ RunTime:0.0006s ]
SQL: SELECT bprice,addp,AsText(startg) as startg,AsText(endg) as endg FROM yd_line where id=6 [ RunTime:0.0004s ]

[ 2017-10-09T14:58:42+08:00 ] 127.0.0.1 /yidao/index.php/ydapi/Index/price.cc
INFO: [ app_init ] --START--
INFO: Run Behavior\BuildLiteBehavior [ RunTime:0.000010s ]
INFO: [ app_init ] --END-- [ RunTime:0.000261s ]
INFO: [ app_begin ] --START--
INFO: Run Behavior\ReadHtmlCacheBehavior [ RunTime:0.000348s ]
INFO: [ app_begin ] --END-- [ RunTime:0.000382s ]
SQL: SHOW COLUMNS FROM `yd_orderlist` [ RunTime:0.0006s ]
SQL: SHOW COLUMNS FROM `yd_line` [ RunTime:0.0004s ]
SQL: SELECT bprice,addp,AsText(startg) as startg,AsText(endg) as endg FROM yd_line where id=6 [ RunTime:0.0004s ]

[ 2017-10-09T14:58:51+08:00 ] 127.0.0.1 /yidao/index.php/ydapi/Index/price.cc
INFO: [ app_init ] --START--
INFO: Run Behavior\BuildLiteBehavior [ RunTime:0.000009s ]
INFO: [ app_init ] --END-- [ RunTime:0.000263s ]
INFO: [ app_begin ] --START--
INFO: Run Behavior\ReadHtmlCacheBehavior [ RunTime:0.000320s ]
INFO: [ app_begin ] --END-- [ RunTime:0.000355s ]
SQL: SHOW COLUMNS FROM `yd_orderlist` [ RunTime:0.0006s ]
SQL: SHOW COLUMNS FROM `yd_line` [ RunTime:0.0004s ]
SQL: SELECT bprice,addp,AsText(startg) as startg,AsText(endg) as endg FROM yd_line where id=6 [ RunTime:0.0005s ]

