[ 2017-10-21T10:29:07+08:00 ] 127.0.0.1 /yidao/index.php/ydapi/Index/test.cc
INFO: [ app_init ] --START--
INFO: Run Behavior\BuildLiteBehavior [ RunTime:0.000024s ]
INFO: [ app_init ] --END-- [ RunTime:0.009710s ]
INFO: [ app_begin ] --START--
INFO: Run Behavior\ReadHtmlCacheBehavior [ RunTime:0.000570s ]
INFO: [ app_begin ] --END-- [ RunTime:0.000604s ]
INFO: [ app_end ] --START--
INFO: Run Behavior\ShowPageTraceBehavior [ RunTime:0.000760s ]
INFO: [ app_end ] --END-- [ RunTime:0.000801s ]

[ 2017-10-21T10:31:13+08:00 ] 127.0.0.1 /yidao/index.php/ydapi/Index/test.cc
INFO: [ app_init ] --START--
INFO: Run Behavior\BuildLiteBehavior [ RunTime:0.000008s ]
INFO: [ app_init ] --END-- [ RunTime:0.000278s ]
INFO: [ app_begin ] --START--
INFO: Run Behavior\ReadHtmlCacheBehavior [ RunTime:0.000460s ]
INFO: [ app_begin ] --END-- [ RunTime:0.000497s ]
INFO: [ app_end ] --START--
INFO: Run Behavior\ShowPageTraceBehavior [ RunTime:0.000495s ]
INFO: [ app_end ] --END-- [ RunTime:0.000536s ]

[ 2017-10-21T10:57:25+08:00 ] 127.0.0.1 /yidao/index.php/ydapi/Login/login.cc
INFO: [ app_init ] --START--
INFO: Run Behavior\BuildLiteBehavior [ RunTime:0.000008s ]
INFO: [ app_init ] --END-- [ RunTime:0.000312s ]
INFO: [ app_begin ] --START--
INFO: Run Behavior\ReadHtmlCacheBehavior [ RunTime:0.000538s ]
INFO: [ app_begin ] --END-- [ RunTime:0.000582s ]
ERR: 无法加载控制器:Login

[ 2017-10-21T10:57:38+08:00 ] 127.0.0.1 /yidao/index.php/ydapi/index/index.cc
INFO: [ app_init ] --START--
INFO: Run Behavior\BuildLiteBehavior [ RunTime:0.000008s ]
INFO: [ app_init ] --END-- [ RunTime:0.000239s ]
INFO: [ app_begin ] --START--
INFO: Run Behavior\ReadHtmlCacheBehavior [ RunTime:0.000306s ]
INFO: [ app_begin ] --END-- [ RunTime:0.000340s ]
NOTIC: [2] Missing argument 1 for Think\Controller::show(), called in F:\AppServ\www\yidao\Application\Ydapi\Controller\IndexController.class.php on line 20 and defined F:\AppServ\www\yidao\ThinkPHP\Library\Think\Controller.class.php 第 68 行.
NOTIC: [8] Undefined variable: content F:\AppServ\www\yidao\ThinkPHP\Library\Think\Controller.class.php 第 69 行.
INFO: [ view_parse ] --START--
INFO: [ template_filter ] --START--
INFO: Run Behavior\ContentReplaceBehavior [ RunTime:0.000153s ]
INFO: [ template_filter ] --END-- [ RunTime:0.000190s ]
INFO: Run Behavior\ParseTemplateBehavior [ RunTime:0.152907s ]
INFO: [ view_parse ] --END-- [ RunTime:0.152948s ]
INFO: [ view_filter ] --START--
INFO: Run Behavior\WriteHtmlCacheBehavior [ RunTime:0.000331s ]
INFO: [ view_filter ] --END-- [ RunTime:0.000355s ]
INFO: [ app_end ] --START--
INFO: Run Behavior\ShowPageTraceBehavior [ RunTime:0.000850s ]
INFO: [ app_end ] --END-- [ RunTime:0.000898s ]

[ 2017-10-21T10:59:45+08:00 ] 192.168.4.102 /yidao/index.php/ydapi/index/index.cc
INFO: [ app_init ] --START--
INFO: Run Behavior\BuildLiteBehavior [ RunTime:0.000008s ]
INFO: [ app_init ] --END-- [ RunTime:0.000274s ]
INFO: [ app_begin ] --START--
INFO: Run Behavior\ReadHtmlCacheBehavior [ RunTime:0.000437s ]
INFO: [ app_begin ] --END-- [ RunTime:0.000471s ]
NOTIC: [2] Missing argument 1 for Think\Controller::show(), called in F:\AppServ\www\yidao\Application\Ydapi\Controller\IndexController.class.php on line 20 and defined F:\AppServ\www\yidao\ThinkPHP\Library\Think\Controller.class.php 第 68 行.
NOTIC: [8] Undefined variable: content F:\AppServ\www\yidao\ThinkPHP\Library\Think\Controller.class.php 第 69 行.
INFO: [ view_parse ] --START--
INFO: [ template_filter ] --START--
INFO: Run Behavior\ContentReplaceBehavior [ RunTime:0.000154s ]
INFO: [ template_filter ] --END-- [ RunTime:0.000193s ]
INFO: Run Behavior\ParseTemplateBehavior [ RunTime:0.015951s ]
INFO: [ view_parse ] --END-- [ RunTime:0.015984s ]
INFO: [ view_filter ] --START--
INFO: Run Behavior\WriteHtmlCacheBehavior [ RunTime:0.000272s ]
INFO: [ view_filter ] --END-- [ RunTime:0.000297s ]
INFO: [ app_end ] --START--
INFO: Run Behavior\ShowPageTraceBehavior [ RunTime:0.000698s ]
INFO: [ app_end ] --END-- [ RunTime:0.000731s ]

[ 2017-10-21T11:12:07+08:00 ] 127.0.0.1 /yidao/index.php/ydapi/index/index.cc
INFO: [ app_init ] --START--
INFO: Run Behavior\BuildLiteBehavior [ RunTime:0.000008s ]
INFO: [ app_init ] --END-- [ RunTime:0.000270s ]
INFO: [ app_begin ] --START--
INFO: Run Behavior\ReadHtmlCacheBehavior [ RunTime:0.000476s ]
INFO: [ app_begin ] --END-- [ RunTime:0.000509s ]
NOTIC: [2] Missing argument 1 for Think\Controller::show(), called in F:\AppServ\www\yidao\Application\Ydapi\Controller\IndexController.class.php on line 20 and defined F:\AppServ\www\yidao\ThinkPHP\Library\Think\Controller.class.php 第 68 行.
NOTIC: [8] Undefined variable: content F:\AppServ\www\yidao\ThinkPHP\Library\Think\Controller.class.php 第 69 行.
INFO: [ view_parse ] --START--
INFO: [ template_filter ] --START--
INFO: Run Behavior\ContentReplaceBehavior [ RunTime:0.000157s ]
INFO: [ template_filter ] --END-- [ RunTime:0.000219s ]
INFO: Run Behavior\ParseTemplateBehavior [ RunTime:0.015580s ]
INFO: [ view_parse ] --END-- [ RunTime:0.015611s ]
INFO: [ view_filter ] --START--
INFO: Run Behavior\WriteHtmlCacheBehavior [ RunTime:0.000258s ]
INFO: [ view_filter ] --END-- [ RunTime:0.000282s ]
INFO: [ app_end ] --START--
INFO: Run Behavior\ShowPageTraceBehavior [ RunTime:0.000885s ]
INFO: [ app_end ] --END-- [ RunTime:0.000978s ]

[ 2017-10-21T11:12:33+08:00 ] 192.168.4.102 /yidao/index.php/ydapi/index/index.cc
INFO: [ app_init ] --START--
INFO: Run Behavior\BuildLiteBehavior [ RunTime:0.000008s ]
INFO: [ app_init ] --END-- [ RunTime:0.000264s ]
INFO: [ app_begin ] --START--
INFO: Run Behavior\ReadHtmlCacheBehavior [ RunTime:0.000490s ]
INFO: [ app_begin ] --END-- [ RunTime:0.000522s ]
NOTIC: [2] Missing argument 1 for Think\Controller::show(), called in F:\AppServ\www\yidao\Application\Ydapi\Controller\IndexController.class.php on line 20 and defined F:\AppServ\www\yidao\ThinkPHP\Library\Think\Controller.class.php 第 68 行.
NOTIC: [8] Undefined variable: content F:\AppServ\www\yidao\ThinkPHP\Library\Think\Controller.class.php 第 69 行.
INFO: [ view_parse ] --START--
INFO: [ template_filter ] --START--
INFO: Run Behavior\ContentReplaceBehavior [ RunTime:0.000136s ]
INFO: [ template_filter ] --END-- [ RunTime:0.000171s ]
INFO: Run Behavior\ParseTemplateBehavior [ RunTime:0.015003s ]
INFO: [ view_parse ] --END-- [ RunTime:0.015035s ]
INFO: [ view_filter ] --START--
INFO: Run Behavior\WriteHtmlCacheBehavior [ RunTime:0.000285s ]
INFO: [ view_filter ] --END-- [ RunTime:0.000309s ]
INFO: [ app_end ] --START--
INFO: Run Behavior\ShowPageTraceBehavior [ RunTime:0.000390s ]
INFO: [ app_end ] --END-- [ RunTime:0.000418s ]

[ 2017-10-21T11:12:40+08:00 ] 192.168.4.102 /yidao/index.php/ydapi/index/index.cc
INFO: [ app_init ] --START--
INFO: Run Behavior\BuildLiteBehavior [ RunTime:0.000007s ]
INFO: [ app_init ] --END-- [ RunTime:0.000225s ]
INFO: [ app_begin ] --START--
INFO: Run Behavior\ReadHtmlCacheBehavior [ RunTime:0.000286s ]
INFO: [ app_begin ] --END-- [ RunTime:0.000317s ]
NOTIC: [2] Missing argument 1 for Think\Controller::show(), called in F:\AppServ\www\yidao\Application\Ydapi\Controller\IndexController.class.php on line 20 and defined F:\AppServ\www\yidao\ThinkPHP\Library\Think\Controller.class.php 第 68 行.
NOTIC: [8] Undefined variable: content F:\AppServ\www\yidao\ThinkPHP\Library\Think\Controller.class.php 第 69 行.
INFO: [ view_parse ] --START--
INFO: [ template_filter ] --START--
INFO: Run Behavior\ContentReplaceBehavior [ RunTime:0.000138s ]
INFO: [ template_filter ] --END-- [ RunTime:0.000169s ]
INFO: Run Behavior\ParseTemplateBehavior [ RunTime:0.013900s ]
INFO: [ view_parse ] --END-- [ RunTime:0.013930s ]
INFO: [ view_filter ] --START--
INFO: Run Behavior\WriteHtmlCacheBehavior [ RunTime:0.000163s ]
INFO: [ view_filter ] --END-- [ RunTime:0.000186s ]
INFO: [ app_end ] --START--
INFO: Run Behavior\ShowPageTraceBehavior [ RunTime:0.000360s ]
INFO: [ app_end ] --END-- [ RunTime:0.000405s ]

[ 2017-10-21T11:19:21+08:00 ] 127.0.0.1 /yidao/index.php/ydapi/Index/createpaydeal.cc
INFO: [ app_init ] --START--
INFO: Run Behavior\BuildLiteBehavior [ RunTime:0.000009s ]
INFO: [ app_init ] --END-- [ RunTime:0.000349s ]
INFO: [ app_begin ] --START--
INFO: Run Behavior\ReadHtmlCacheBehavior [ RunTime:0.000423s ]
INFO: [ app_begin ] --END-- [ RunTime:0.000461s ]
SQL: SHOW COLUMNS FROM `yd_orderlist` [ RunTime:0.0014s ]
SQL: SELECT `id`,`pay` FROM `yd_orderlist` WHERE `id` = 'yc1507975698' LIMIT 1   [ RunTime:0.0002s ]

[ 2017-10-21T11:20:02+08:00 ] 127.0.0.1 /yidao/index.php/ydapi/Index/createpaydeal.cc
INFO: [ app_init ] --START--
INFO: Run Behavior\BuildLiteBehavior [ RunTime:0.000009s ]
INFO: [ app_init ] --END-- [ RunTime:0.000322s ]
INFO: [ app_begin ] --START--
INFO: Run Behavior\ReadHtmlCacheBehavior [ RunTime:0.000657s ]
INFO: [ app_begin ] --END-- [ RunTime:0.000696s ]
SQL: SHOW COLUMNS FROM `yd_orderlist` [ RunTime:0.0013s ]
SQL: SELECT `id`,`pay` FROM `yd_orderlist` WHERE `id` = 'yc1507975698' LIMIT 1   [ RunTime:0.0001s ]

[ 2017-10-21T11:20:25+08:00 ] 127.0.0.1 /yidao/index.php/ydapi/Index/createpaydeal.cc
INFO: [ app_init ] --START--
INFO: Run Behavior\BuildLiteBehavior [ RunTime:0.000009s ]
INFO: [ app_init ] --END-- [ RunTime:0.000327s ]
INFO: [ app_begin ] --START--
INFO: Run Behavior\ReadHtmlCacheBehavior [ RunTime:0.000576s ]
INFO: [ app_begin ] --END-- [ RunTime:0.000613s ]
SQL: SHOW COLUMNS FROM `yd_orderlist` [ RunTime:0.0013s ]
SQL: SELECT `id`,`pay` FROM `yd_orderlist` WHERE `id` = 'yc1507975698' LIMIT 1   [ RunTime:0.0002s ]

[ 2017-10-21T11:20:46+08:00 ] 127.0.0.1 /yidao/index.php/ydapi/Index/createpaydeal.cc
INFO: [ app_init ] --START--
INFO: Run Behavior\BuildLiteBehavior [ RunTime:0.000009s ]
INFO: [ app_init ] --END-- [ RunTime:0.000319s ]
INFO: [ app_begin ] --START--
INFO: Run Behavior\ReadHtmlCacheBehavior [ RunTime:0.000719s ]
INFO: [ app_begin ] --END-- [ RunTime:0.000756s ]
SQL: SHOW COLUMNS FROM `yd_orderlist` [ RunTime:0.0014s ]
SQL: SELECT `id`,`pay` FROM `yd_orderlist` WHERE `id` = 'yc1507975698' LIMIT 1   [ RunTime:0.0002s ]

[ 2017-10-21T11:21:21+08:00 ] 127.0.0.1 /yidao/index.php/ydapi/Index/createpaydeal.cc
INFO: [ app_init ] --START--
INFO: Run Behavior\BuildLiteBehavior [ RunTime:0.000009s ]
INFO: [ app_init ] --END-- [ RunTime:0.000341s ]
INFO: [ app_begin ] --START--
INFO: Run Behavior\ReadHtmlCacheBehavior [ RunTime:0.000605s ]
INFO: [ app_begin ] --END-- [ RunTime:0.000642s ]
SQL: SHOW COLUMNS FROM `yd_orderlist` [ RunTime:0.0014s ]
SQL: SELECT `id`,`pay` FROM `yd_orderlist` WHERE `id` = 'yc1507975698' LIMIT 1   [ RunTime:0.0002s ]

[ 2017-10-21T11:21:52+08:00 ] 127.0.0.1 /yidao/index.php/ydapi/Index/createpaydeal.cc
INFO: [ app_init ] --START--
INFO: Run Behavior\BuildLiteBehavior [ RunTime:0.000009s ]
INFO: [ app_init ] --END-- [ RunTime:0.000305s ]
INFO: [ app_begin ] --START--
INFO: Run Behavior\ReadHtmlCacheBehavior [ RunTime:0.000642s ]
INFO: [ app_begin ] --END-- [ RunTime:0.000683s ]
SQL: SHOW COLUMNS FROM `yd_orderlist` [ RunTime:0.0013s ]
SQL: SELECT `id`,`pay` FROM `yd_orderlist` WHERE `id` = 'yc1507975698' LIMIT 1   [ RunTime:0.0002s ]

[ 2017-10-21T11:23:12+08:00 ] 127.0.0.1 /yidao/index.php/ydapi/Index/createpaydeal.cc
INFO: [ app_init ] --START--
INFO: Run Behavior\BuildLiteBehavior [ RunTime:0.000010s ]
INFO: [ app_init ] --END-- [ RunTime:0.000471s ]
INFO: [ app_begin ] --START--
INFO: Run Behavior\ReadHtmlCacheBehavior [ RunTime:0.000595s ]
INFO: [ app_begin ] --END-- [ RunTime:0.000634s ]
SQL: SHOW COLUMNS FROM `yd_orderlist` [ RunTime:0.0014s ]
SQL: SELECT `id`,`pay` FROM `yd_orderlist` WHERE `id` = 'yc1507975698' LIMIT 1   [ RunTime:0.0002s ]

[ 2017-10-21T11:24:23+08:00 ] 127.0.0.1 /yidao/index.php/ydapi/Index/createpaydeal.cc
INFO: [ app_init ] --START--
INFO: Run Behavior\BuildLiteBehavior [ RunTime:0.000008s ]
INFO: [ app_init ] --END-- [ RunTime:0.000288s ]
INFO: [ app_begin ] --START--
INFO: Run Behavior\ReadHtmlCacheBehavior [ RunTime:0.000596s ]
INFO: [ app_begin ] --END-- [ RunTime:0.000634s ]
SQL: SHOW COLUMNS FROM `yd_orderlist` [ RunTime:0.0014s ]
SQL: SELECT `id`,`pay` FROM `yd_orderlist` WHERE `id` = 'yc1507975698' LIMIT 1   [ RunTime:0.0002s ]

[ 2017-10-21T11:25:52+08:00 ] 127.0.0.1 /yidao/index.php/ydapi/Index/createpaydeal.cc
INFO: [ app_init ] --START--
INFO: Run Behavior\BuildLiteBehavior [ RunTime:0.000008s ]
INFO: [ app_init ] --END-- [ RunTime:0.000290s ]
INFO: [ app_begin ] --START--
INFO: Run Behavior\ReadHtmlCacheBehavior [ RunTime:0.000623s ]
INFO: [ app_begin ] --END-- [ RunTime:0.000665s ]
SQL: SHOW COLUMNS FROM `yd_orderlist` [ RunTime:0.0014s ]
SQL: SELECT `id`,`pay` FROM `yd_orderlist` WHERE `id` = 'yc1507975698' LIMIT 1   [ RunTime:0.0002s ]

[ 2017-10-21T11:26:13+08:00 ] 127.0.0.1 /yidao/index.php/ydapi/Index/createpaydeal.cc
INFO: [ app_init ] --START--
INFO: Run Behavior\BuildLiteBehavior [ RunTime:0.000009s ]
INFO: [ app_init ] --END-- [ RunTime:0.000307s ]
INFO: [ app_begin ] --START--
INFO: Run Behavior\ReadHtmlCacheBehavior [ RunTime:0.000630s ]
INFO: [ app_begin ] --END-- [ RunTime:0.000666s ]
SQL: SHOW COLUMNS FROM `yd_orderlist` [ RunTime:0.0014s ]
SQL: SELECT `id`,`pay` FROM `yd_orderlist` WHERE `id` = 'yc1507975698' LIMIT 1   [ RunTime:0.0002s ]

[ 2017-10-21T11:26:22+08:00 ] 127.0.0.1 /yidao/index.php/ydapi/Index/createpaydeal.cc
INFO: [ app_init ] --START--
INFO: Run Behavior\BuildLiteBehavior [ RunTime:0.000008s ]
INFO: [ app_init ] --END-- [ RunTime:0.000295s ]
INFO: [ app_begin ] --START--
INFO: Run Behavior\ReadHtmlCacheBehavior [ RunTime:0.000623s ]
INFO: [ app_begin ] --END-- [ RunTime:0.000698s ]
SQL: SHOW COLUMNS FROM `yd_orderlist` [ RunTime:0.0013s ]
SQL: SELECT `id`,`pay` FROM `yd_orderlist` WHERE `id` = 'yc1507975698' LIMIT 1   [ RunTime:0.0003s ]

[ 2017-10-21T14:21:07+08:00 ] 192.168.4.102 /yidao/index.php/ydapi/index/index.cc
INFO: [ app_init ] --START--
INFO: Run Behavior\BuildLiteBehavior [ RunTime:0.000008s ]
INFO: [ app_init ] --END-- [ RunTime:0.000344s ]
INFO: [ app_begin ] --START--
INFO: Run Behavior\ReadHtmlCacheBehavior [ RunTime:0.000410s ]
INFO: [ app_begin ] --END-- [ RunTime:0.000444s ]
NOTIC: [2] Missing argument 1 for Think\Controller::show(), called in F:\AppServ\www\yidao\Application\Ydapi\Controller\IndexController.class.php on line 20 and defined F:\AppServ\www\yidao\ThinkPHP\Library\Think\Controller.class.php 第 68 行.
NOTIC: [8] Undefined variable: content F:\AppServ\www\yidao\ThinkPHP\Library\Think\Controller.class.php 第 69 行.
INFO: [ view_parse ] --START--
INFO: [ template_filter ] --START--
INFO: Run Behavior\ContentReplaceBehavior [ RunTime:0.000170s ]
INFO: [ template_filter ] --END-- [ RunTime:0.000218s ]
INFO: Run Behavior\ParseTemplateBehavior [ RunTime:0.014826s ]
INFO: [ view_parse ] --END-- [ RunTime:0.014857s ]
INFO: [ view_filter ] --START--
INFO: Run Behavior\WriteHtmlCacheBehavior [ RunTime:0.000249s ]
INFO: [ view_filter ] --END-- [ RunTime:0.000273s ]
INFO: [ app_end ] --START--
INFO: Run Behavior\ShowPageTraceBehavior [ RunTime:0.000435s ]
INFO: [ app_end ] --END-- [ RunTime:0.000464s ]

[ 2017-10-21T14:21:12+08:00 ] 192.168.4.102 /yidao/index.php/ydapi/index/index.cc
INFO: [ app_init ] --START--
INFO: Run Behavior\BuildLiteBehavior [ RunTime:0.000009s ]
INFO: [ app_init ] --END-- [ RunTime:0.000255s ]
INFO: [ app_begin ] --START--
INFO: Run Behavior\ReadHtmlCacheBehavior [ RunTime:0.000321s ]
INFO: [ app_begin ] --END-- [ RunTime:0.000358s ]
NOTIC: [2] Missing argument 1 for Think\Controller::show(), called in F:\AppServ\www\yidao\Application\Ydapi\Controller\IndexController.class.php on line 20 and defined F:\AppServ\www\yidao\ThinkPHP\Library\Think\Controller.class.php 第 68 行.
NOTIC: [8] Undefined variable: content F:\AppServ\www\yidao\ThinkPHP\Library\Think\Controller.class.php 第 69 行.
INFO: [ view_parse ] --START--
INFO: [ template_filter ] --START--
INFO: Run Behavior\ContentReplaceBehavior [ RunTime:0.000174s ]
INFO: [ template_filter ] --END-- [ RunTime:0.000223s ]
INFO: Run Behavior\ParseTemplateBehavior [ RunTime:0.014360s ]
INFO: [ view_parse ] --END-- [ RunTime:0.014411s ]
INFO: [ view_filter ] --START--
INFO: Run Behavior\WriteHtmlCacheBehavior [ RunTime:0.000254s ]
INFO: [ view_filter ] --END-- [ RunTime:0.000281s ]
INFO: [ app_end ] --START--
INFO: Run Behavior\ShowPageTraceBehavior [ RunTime:0.000340s ]
INFO: [ app_end ] --END-- [ RunTime:0.000370s ]

[ 2017-10-21T14:27:15+08:00 ] 127.0.0.1 /yidao/index.php/ydapi/Index/createpaydeal.cc
INFO: [ app_init ] --START--
INFO: Run Behavior\BuildLiteBehavior [ RunTime:0.000008s ]
INFO: [ app_init ] --END-- [ RunTime:0.000281s ]
INFO: [ app_begin ] --START--
INFO: Run Behavior\ReadHtmlCacheBehavior [ RunTime:0.000436s ]
INFO: [ app_begin ] --END-- [ RunTime:0.000471s ]
SQL: SHOW COLUMNS FROM `yd_orderlist` [ RunTime:0.0383s ]
SQL: SELECT `id`,`pay` FROM `yd_orderlist` WHERE `id` = 'yc1507975698' LIMIT 1   [ RunTime:0.0005s ]

[ 2017-10-21T14:27:29+08:00 ] 127.0.0.1 /yidao/index.php/ydapi/Index/createpaydeal.cc
INFO: [ app_init ] --START--
INFO: Run Behavior\BuildLiteBehavior [ RunTime:0.000017s ]
INFO: [ app_init ] --END-- [ RunTime:0.000347s ]
INFO: [ app_begin ] --START--
INFO: Run Behavior\ReadHtmlCacheBehavior [ RunTime:0.000607s ]
INFO: [ app_begin ] --END-- [ RunTime:0.000653s ]
SQL: SHOW COLUMNS FROM `yd_orderlist` [ RunTime:0.0014s ]
SQL: SELECT `id`,`pay` FROM `yd_orderlist` WHERE `id` = 'yc1507975698' LIMIT 1   [ RunTime:0.0002s ]

[ 2017-10-21T14:29:15+08:00 ] 127.0.0.1 /yidao/index.php/ydapi/Index/createpaydeal.cc
INFO: [ app_init ] --START--
INFO: Run Behavior\BuildLiteBehavior [ RunTime:0.000008s ]
INFO: [ app_init ] --END-- [ RunTime:0.000318s ]
INFO: [ app_begin ] --START--
INFO: Run Behavior\ReadHtmlCacheBehavior [ RunTime:0.000579s ]
INFO: [ app_begin ] --END-- [ RunTime:0.000616s ]
SQL: SHOW COLUMNS FROM `yd_orderlist` [ RunTime:0.0015s ]
SQL: SELECT `id`,`pay` FROM `yd_orderlist` WHERE `id` = 'yc1507975698' LIMIT 1   [ RunTime:0.0002s ]

[ 2017-10-21T14:29:34+08:00 ] 127.0.0.1 /yidao/index.php/ydapi/Index/createpaydeal.cc
INFO: [ app_init ] --START--
INFO: Run Behavior\BuildLiteBehavior [ RunTime:0.000009s ]
INFO: [ app_init ] --END-- [ RunTime:0.000348s ]
INFO: [ app_begin ] --START--
INFO: Run Behavior\ReadHtmlCacheBehavior [ RunTime:0.000647s ]
INFO: [ app_begin ] --END-- [ RunTime:0.000693s ]
SQL: SHOW COLUMNS FROM `yd_orderlist` [ RunTime:0.0015s ]
SQL: SELECT `id`,`pay` FROM `yd_orderlist` WHERE `id` = 'yc1507975698' LIMIT 1   [ RunTime:0.0002s ]

[ 2017-10-21T16:15:47+08:00 ] 127.0.0.1 /yidao/index.php/ydapi/Index/test.cc
INFO: [ app_init ] --START--
INFO: Run Behavior\BuildLiteBehavior [ RunTime:0.000008s ]
INFO: [ app_init ] --END-- [ RunTime:0.000312s ]
INFO: [ app_begin ] --START--
INFO: Run Behavior\ReadHtmlCacheBehavior [ RunTime:0.000548s ]
INFO: [ app_begin ] --END-- [ RunTime:0.000583s ]
INFO: [ app_end ] --START--
INFO: Run Behavior\ShowPageTraceBehavior [ RunTime:0.000606s ]
INFO: [ app_end ] --END-- [ RunTime:0.000651s ]

[ 2017-10-21T16:17:08+08:00 ] 127.0.0.1 /yidao/index.php/ydapi/Index/test.cc
INFO: [ app_init ] --START--
INFO: Run Behavior\BuildLiteBehavior [ RunTime:0.000012s ]
INFO: [ app_init ] --END-- [ RunTime:0.000329s ]
INFO: [ app_begin ] --START--
INFO: Run Behavior\ReadHtmlCacheBehavior [ RunTime:0.000682s ]
INFO: [ app_begin ] --END-- [ RunTime:0.000760s ]
INFO: [ app_end ] --START--
INFO: Run Behavior\ShowPageTraceBehavior [ RunTime:0.001011s ]
INFO: [ app_end ] --END-- [ RunTime:0.001089s ]

[ 2017-10-21T16:17:15+08:00 ] 127.0.0.1 /yidao/index.php/ydapi/Index/test.cc
INFO: [ app_init ] --START--
INFO: Run Behavior\BuildLiteBehavior [ RunTime:0.000009s ]
INFO: [ app_init ] --END-- [ RunTime:0.000296s ]
INFO: [ app_begin ] --START--
INFO: Run Behavior\ReadHtmlCacheBehavior [ RunTime:0.000584s ]
INFO: [ app_begin ] --END-- [ RunTime:0.000622s ]
INFO: [ app_end ] --START--
INFO: Run Behavior\ShowPageTraceBehavior [ RunTime:0.000586s ]
INFO: [ app_end ] --END-- [ RunTime:0.000627s ]

[ 2017-10-21T16:32:00+08:00 ] 127.0.0.1 /yidao/index.php/ydapi/Index/test.cc
INFO: [ app_init ] --START--
INFO: Run Behavior\BuildLiteBehavior [ RunTime:0.000021s ]
INFO: [ app_init ] --END-- [ RunTime:0.000320s ]
INFO: [ app_begin ] --START--
INFO: Run Behavior\ReadHtmlCacheBehavior [ RunTime:0.000588s ]
INFO: [ app_begin ] --END-- [ RunTime:0.000626s ]
INFO: [ app_end ] --START--
INFO: Run Behavior\ShowPageTraceBehavior [ RunTime:0.000620s ]
INFO: [ app_end ] --END-- [ RunTime:0.000672s ]

[ 2017-10-21T16:56:11+08:00 ] 127.0.0.1 /yidao/index.php/ydapi/Index/createpaydeal.cc
INFO: [ app_init ] --START--
INFO: Run Behavior\BuildLiteBehavior [ RunTime:0.000010s ]
INFO: [ app_init ] --END-- [ RunTime:0.000683s ]
INFO: [ app_begin ] --START--
INFO: Run Behavior\ReadHtmlCacheBehavior [ RunTime:0.000607s ]
INFO: [ app_begin ] --END-- [ RunTime:0.000648s ]
SQL: SHOW COLUMNS FROM `yd_orderlist` [ RunTime:0.0015s ]
SQL: SELECT `id`,`pay` FROM `yd_orderlist` WHERE `id` = 'yc1507975698' LIMIT 1   [ RunTime:0.0003s ]

[ 2017-10-21T16:56:17+08:00 ] 127.0.0.1 /yidao/index.php/ydapi/Index/createpaydeal.cc
INFO: [ app_init ] --START--
INFO: Run Behavior\BuildLiteBehavior [ RunTime:0.000009s ]
INFO: [ app_init ] --END-- [ RunTime:0.000289s ]
INFO: [ app_begin ] --START--
INFO: Run Behavior\ReadHtmlCacheBehavior [ RunTime:0.000597s ]
INFO: [ app_begin ] --END-- [ RunTime:0.000642s ]
SQL: SHOW COLUMNS FROM `yd_orderlist` [ RunTime:0.0013s ]
SQL: SELECT `id`,`pay` FROM `yd_orderlist` WHERE `id` = 'yc1507975698' LIMIT 1   [ RunTime:0.0002s ]

[ 2017-10-21T17:17:39+08:00 ] 127.0.0.1 /yidao/index.php/ydapi/Index/createpaydeal.cc
INFO: [ app_init ] --START--
INFO: Run Behavior\BuildLiteBehavior [ RunTime:0.000009s ]
INFO: [ app_init ] --END-- [ RunTime:0.000289s ]
INFO: [ app_begin ] --START--
INFO: Run Behavior\ReadHtmlCacheBehavior [ RunTime:0.000660s ]
INFO: [ app_begin ] --END-- [ RunTime:0.000725s ]
SQL: SHOW COLUMNS FROM `yd_orderlist` [ RunTime:0.0014s ]
SQL: SELECT `id`,`pay` FROM `yd_orderlist` WHERE `id` = 'yc1507975698' LIMIT 1   [ RunTime:0.0002s ]
NOTIC: [8] Undefined index: appid F:\AppServ\www\yidao\ThinkPHP\Library\Vendor\Wxpay\WxPay.Api.php 第 71 行.
NOTIC: [8] Undefined index: mch_id F:\AppServ\www\yidao\ThinkPHP\Library\Vendor\Wxpay\WxPay.Api.php 第 72 行.
NOTIC: [8] Undefined index: prepay_id F:\AppServ\www\yidao\ThinkPHP\Library\Vendor\Wxpay\WxPay.Api.php 第 73 行.
NOTIC: [8] Undefined index: nonce_str F:\AppServ\www\yidao\ThinkPHP\Library\Vendor\Wxpay\WxPay.Api.php 第 74 行.

[ 2017-10-21T17:17:42+08:00 ] 127.0.0.1 /yidao/index.php/ydapi/Index/createpaydeal.cc
INFO: [ app_init ] --START--
INFO: Run Behavior\BuildLiteBehavior [ RunTime:0.000009s ]
INFO: [ app_init ] --END-- [ RunTime:0.000311s ]
INFO: [ app_begin ] --START--
INFO: Run Behavior\ReadHtmlCacheBehavior [ RunTime:0.000610s ]
INFO: [ app_begin ] --END-- [ RunTime:0.000663s ]
SQL: SHOW COLUMNS FROM `yd_orderlist` [ RunTime:0.0014s ]
SQL: SELECT `id`,`pay` FROM `yd_orderlist` WHERE `id` = 'yc1507975698' LIMIT 1   [ RunTime:0.0002s ]
NOTIC: [8] Undefined index: appid F:\AppServ\www\yidao\ThinkPHP\Library\Vendor\Wxpay\WxPay.Api.php 第 71 行.
NOTIC: [8] Undefined index: mch_id F:\AppServ\www\yidao\ThinkPHP\Library\Vendor\Wxpay\WxPay.Api.php 第 72 行.
NOTIC: [8] Undefined index: prepay_id F:\AppServ\www\yidao\ThinkPHP\Library\Vendor\Wxpay\WxPay.Api.php 第 73 行.
NOTIC: [8] Undefined index: nonce_str F:\AppServ\www\yidao\ThinkPHP\Library\Vendor\Wxpay\WxPay.Api.php 第 74 行.

[ 2017-10-21T17:17:47+08:00 ] 127.0.0.1 /yidao/index.php/ydapi/Index/createpaydeal.cc
INFO: [ app_init ] --START--
INFO: Run Behavior\BuildLiteBehavior [ RunTime:0.000008s ]
INFO: [ app_init ] --END-- [ RunTime:0.000325s ]
INFO: [ app_begin ] --START--
INFO: Run Behavior\ReadHtmlCacheBehavior [ RunTime:0.000606s ]
INFO: [ app_begin ] --END-- [ RunTime:0.000644s ]
SQL: SHOW COLUMNS FROM `yd_orderlist` [ RunTime:0.0014s ]
SQL: SELECT `id`,`pay` FROM `yd_orderlist` WHERE `id` = 'yc1507975698' LIMIT 1   [ RunTime:0.0001s ]
NOTIC: [8] Undefined index: appid F:\AppServ\www\yidao\ThinkPHP\Library\Vendor\Wxpay\WxPay.Api.php 第 71 行.
NOTIC: [8] Undefined index: mch_id F:\AppServ\www\yidao\ThinkPHP\Library\Vendor\Wxpay\WxPay.Api.php 第 72 行.
NOTIC: [8] Undefined index: prepay_id F:\AppServ\www\yidao\ThinkPHP\Library\Vendor\Wxpay\WxPay.Api.php 第 73 行.
NOTIC: [8] Undefined index: nonce_str F:\AppServ\www\yidao\ThinkPHP\Library\Vendor\Wxpay\WxPay.Api.php 第 74 行.

[ 2017-10-21T17:17:48+08:00 ] 127.0.0.1 /yidao/index.php/ydapi/Index/createpaydeal.cc
INFO: [ app_init ] --START--
INFO: Run Behavior\BuildLiteBehavior [ RunTime:0.000009s ]
INFO: [ app_init ] --END-- [ RunTime:0.000326s ]
INFO: [ app_begin ] --START--
INFO: Run Behavior\ReadHtmlCacheBehavior [ RunTime:0.000610s ]
INFO: [ app_begin ] --END-- [ RunTime:0.000645s ]
SQL: SHOW COLUMNS FROM `yd_orderlist` [ RunTime:0.0014s ]
SQL: SELECT `id`,`pay` FROM `yd_orderlist` WHERE `id` = 'yc1507975698' LIMIT 1   [ RunTime:0.0002s ]
NOTIC: [8] Undefined index: appid F:\AppServ\www\yidao\ThinkPHP\Library\Vendor\Wxpay\WxPay.Api.php 第 71 行.
NOTIC: [8] Undefined index: mch_id F:\AppServ\www\yidao\ThinkPHP\Library\Vendor\Wxpay\WxPay.Api.php 第 72 行.
NOTIC: [8] Undefined index: prepay_id F:\AppServ\www\yidao\ThinkPHP\Library\Vendor\Wxpay\WxPay.Api.php 第 73 行.
NOTIC: [8] Undefined index: nonce_str F:\AppServ\www\yidao\ThinkPHP\Library\Vendor\Wxpay\WxPay.Api.php 第 74 行.

[ 2017-10-21T17:17:49+08:00 ] 127.0.0.1 /yidao/index.php/ydapi/Index/createpaydeal.cc
INFO: [ app_init ] --START--
INFO: Run Behavior\BuildLiteBehavior [ RunTime:0.000008s ]
INFO: [ app_init ] --END-- [ RunTime:0.000300s ]
INFO: [ app_begin ] --START--
INFO: Run Behavior\ReadHtmlCacheBehavior [ RunTime:0.000587s ]
INFO: [ app_begin ] --END-- [ RunTime:0.000621s ]
SQL: SHOW COLUMNS FROM `yd_orderlist` [ RunTime:0.0014s ]
SQL: SELECT `id`,`pay` FROM `yd_orderlist` WHERE `id` = 'yc1507975698' LIMIT 1   [ RunTime:0.0002s ]
NOTIC: [8] Undefined index: appid F:\AppServ\www\yidao\ThinkPHP\Library\Vendor\Wxpay\WxPay.Api.php 第 71 行.
NOTIC: [8] Undefined index: mch_id F:\AppServ\www\yidao\ThinkPHP\Library\Vendor\Wxpay\WxPay.Api.php 第 72 行.
NOTIC: [8] Undefined index: prepay_id F:\AppServ\www\yidao\ThinkPHP\Library\Vendor\Wxpay\WxPay.Api.php 第 73 行.
NOTIC: [8] Undefined index: nonce_str F:\AppServ\www\yidao\ThinkPHP\Library\Vendor\Wxpay\WxPay.Api.php 第 74 行.

[ 2017-10-21T17:17:50+08:00 ] 127.0.0.1 /yidao/index.php/ydapi/Index/createpaydeal.cc
INFO: [ app_init ] --START--
INFO: Run Behavior\BuildLiteBehavior [ RunTime:0.000008s ]
INFO: [ app_init ] --END-- [ RunTime:0.000291s ]
INFO: [ app_begin ] --START--
INFO: Run Behavior\ReadHtmlCacheBehavior [ RunTime:0.000577s ]
INFO: [ app_begin ] --END-- [ RunTime:0.000614s ]
SQL: SHOW COLUMNS FROM `yd_orderlist` [ RunTime:0.0013s ]
SQL: SELECT `id`,`pay` FROM `yd_orderlist` WHERE `id` = 'yc1507975698' LIMIT 1   [ RunTime:0.0002s ]
NOTIC: [8] Undefined index: appid F:\AppServ\www\yidao\ThinkPHP\Library\Vendor\Wxpay\WxPay.Api.php 第 71 行.
NOTIC: [8] Undefined index: mch_id F:\AppServ\www\yidao\ThinkPHP\Library\Vendor\Wxpay\WxPay.Api.php 第 72 行.
NOTIC: [8] Undefined index: prepay_id F:\AppServ\www\yidao\ThinkPHP\Library\Vendor\Wxpay\WxPay.Api.php 第 73 行.
NOTIC: [8] Undefined index: nonce_str F:\AppServ\www\yidao\ThinkPHP\Library\Vendor\Wxpay\WxPay.Api.php 第 74 行.

[ 2017-10-21T17:17:52+08:00 ] 127.0.0.1 /yidao/index.php/ydapi/Index/createpaydeal.cc
INFO: [ app_init ] --START--
INFO: Run Behavior\BuildLiteBehavior [ RunTime:0.000010s ]
INFO: [ app_init ] --END-- [ RunTime:0.000308s ]
INFO: [ app_begin ] --START--
INFO: Run Behavior\ReadHtmlCacheBehavior [ RunTime:0.000577s ]
INFO: [ app_begin ] --END-- [ RunTime:0.000614s ]
SQL: SHOW COLUMNS FROM `yd_orderlist` [ RunTime:0.0015s ]
SQL: SELECT `id`,`pay` FROM `yd_orderlist` WHERE `id` = 'yc1507975698' LIMIT 1   [ RunTime:0.0002s ]
NOTIC: [8] Undefined index: appid F:\AppServ\www\yidao\ThinkPHP\Library\Vendor\Wxpay\WxPay.Api.php 第 71 行.
NOTIC: [8] Undefined index: mch_id F:\AppServ\www\yidao\ThinkPHP\Library\Vendor\Wxpay\WxPay.Api.php 第 72 行.
NOTIC: [8] Undefined index: prepay_id F:\AppServ\www\yidao\ThinkPHP\Library\Vendor\Wxpay\WxPay.Api.php 第 73 行.
NOTIC: [8] Undefined index: nonce_str F:\AppServ\www\yidao\ThinkPHP\Library\Vendor\Wxpay\WxPay.Api.php 第 74 行.

[ 2017-10-21T17:18:05+08:00 ] 127.0.0.1 /yidao/index.php/ydapi/Index/createpaydeal.cc
INFO: [ app_init ] --START--
INFO: Run Behavior\BuildLiteBehavior [ RunTime:0.000009s ]
INFO: [ app_init ] --END-- [ RunTime:0.000397s ]
INFO: [ app_begin ] --START--
INFO: Run Behavior\ReadHtmlCacheBehavior [ RunTime:0.000720s ]
INFO: [ app_begin ] --END-- [ RunTime:0.000760s ]
SQL: SHOW COLUMNS FROM `yd_orderlist` [ RunTime:0.0013s ]
SQL: SELECT `id`,`pay` FROM `yd_orderlist` WHERE `id` = 'yc1507975698' LIMIT 1   [ RunTime:0.0002s ]
NOTIC: [8] Undefined index: appid F:\AppServ\www\yidao\ThinkPHP\Library\Vendor\Wxpay\WxPay.Api.php 第 71 行.
NOTIC: [8] Undefined index: mch_id F:\AppServ\www\yidao\ThinkPHP\Library\Vendor\Wxpay\WxPay.Api.php 第 72 行.
NOTIC: [8] Undefined index: prepay_id F:\AppServ\www\yidao\ThinkPHP\Library\Vendor\Wxpay\WxPay.Api.php 第 73 行.
NOTIC: [8] Undefined index: nonce_str F:\AppServ\www\yidao\ThinkPHP\Library\Vendor\Wxpay\WxPay.Api.php 第 74 行.

[ 2017-10-21T17:20:03+08:00 ] 127.0.0.1 /yidao/index.php/ydapi/Index/createpaydeal.cc
INFO: [ app_init ] --START--
INFO: Run Behavior\BuildLiteBehavior [ RunTime:0.000009s ]
INFO: [ app_init ] --END-- [ RunTime:0.000294s ]
INFO: [ app_begin ] --START--
INFO: Run Behavior\ReadHtmlCacheBehavior [ RunTime:0.000562s ]
INFO: [ app_begin ] --END-- [ RunTime:0.000598s ]
SQL: SHOW COLUMNS FROM `yd_orderlist` [ RunTime:0.0014s ]
SQL: SELECT `id`,`pay` FROM `yd_orderlist` WHERE `id` = 'yc1507975698' LIMIT 1   [ RunTime:0.0002s ]

[ 2017-10-21T17:20:09+08:00 ] 127.0.0.1 /yidao/index.php/ydapi/Index/createpaydeal.cc
INFO: [ app_init ] --START--
INFO: Run Behavior\BuildLiteBehavior [ RunTime:0.000009s ]
INFO: [ app_init ] --END-- [ RunTime:0.000317s ]
INFO: [ app_begin ] --START--
INFO: Run Behavior\ReadHtmlCacheBehavior [ RunTime:0.000637s ]
INFO: [ app_begin ] --END-- [ RunTime:0.000703s ]
SQL: SHOW COLUMNS FROM `yd_orderlist` [ RunTime:0.0014s ]
SQL: SELECT `id`,`pay` FROM `yd_orderlist` WHERE `id` = 'yc1507975698' LIMIT 1   [ RunTime:0.0002s ]
NOTIC: [8] Undefined index: appid F:\AppServ\www\yidao\ThinkPHP\Library\Vendor\Wxpay\WxPay.Api.php 第 72 行.
NOTIC: [8] Undefined index: mch_id F:\AppServ\www\yidao\ThinkPHP\Library\Vendor\Wxpay\WxPay.Api.php 第 73 行.
NOTIC: [8] Undefined index: prepay_id F:\AppServ\www\yidao\ThinkPHP\Library\Vendor\Wxpay\WxPay.Api.php 第 74 行.
NOTIC: [8] Undefined index: nonce_str F:\AppServ\www\yidao\ThinkPHP\Library\Vendor\Wxpay\WxPay.Api.php 第 75 行.

[ 2017-10-21T17:20:50+08:00 ] 127.0.0.1 /yidao/index.php/ydapi/Index/createpaydeal.cc
INFO: [ app_init ] --START--
INFO: Run Behavior\BuildLiteBehavior [ RunTime:0.000019s ]
INFO: [ app_init ] --END-- [ RunTime:0.000324s ]
INFO: [ app_begin ] --START--
INFO: Run Behavior\ReadHtmlCacheBehavior [ RunTime:0.000560s ]
INFO: [ app_begin ] --END-- [ RunTime:0.000596s ]
SQL: SHOW COLUMNS FROM `yd_orderlist` [ RunTime:0.0005s ]
SQL: SELECT `id`,`pay` FROM `yd_orderlist` WHERE `id` = 'yc1507975698' LIMIT 1   [ RunTime:0.0001s ]
NOTIC: [8] Undefined index: appid F:\AppServ\www\yidao\ThinkPHP\Library\Vendor\Wxpay\WxPay.Api.php 第 72 行.
NOTIC: [8] Undefined index: mch_id F:\AppServ\www\yidao\ThinkPHP\Library\Vendor\Wxpay\WxPay.Api.php 第 73 行.
NOTIC: [8] Undefined index: prepay_id F:\AppServ\www\yidao\ThinkPHP\Library\Vendor\Wxpay\WxPay.Api.php 第 74 行.
NOTIC: [8] Undefined index: nonce_str F:\AppServ\www\yidao\ThinkPHP\Library\Vendor\Wxpay\WxPay.Api.php 第 75 行.

[ 2017-10-21T17:21:30+08:00 ] 127.0.0.1 /yidao/index.php/ydapi/Index/createpaydeal.cc
INFO: [ app_init ] --START--
INFO: Run Behavior\BuildLiteBehavior [ RunTime:0.000008s ]
INFO: [ app_init ] --END-- [ RunTime:0.000292s ]
INFO: [ app_begin ] --START--
INFO: Run Behavior\ReadHtmlCacheBehavior [ RunTime:0.000711s ]
INFO: [ app_begin ] --END-- [ RunTime:0.000748s ]
SQL: SHOW COLUMNS FROM `yd_orderlist` [ RunTime:0.0006s ]
SQL: SELECT `id`,`pay` FROM `yd_orderlist` WHERE `id` = 'yc1507975698' LIMIT 1   [ RunTime:0.0001s ]
NOTIC: [8] Undefined index: appid F:\AppServ\www\yidao\ThinkPHP\Library\Vendor\Wxpay\WxPay.Api.php 第 72 行.
NOTIC: [8] Undefined index: mch_id F:\AppServ\www\yidao\ThinkPHP\Library\Vendor\Wxpay\WxPay.Api.php 第 73 行.
NOTIC: [8] Undefined index: prepay_id F:\AppServ\www\yidao\ThinkPHP\Library\Vendor\Wxpay\WxPay.Api.php 第 74 行.
NOTIC: [8] Undefined index: nonce_str F:\AppServ\www\yidao\ThinkPHP\Library\Vendor\Wxpay\WxPay.Api.php 第 75 行.

[ 2017-10-21T17:25:02+08:00 ] 127.0.0.1 /yidao/index.php/ydapi/Index/createpaydeal.cc
INFO: [ app_init ] --START--
INFO: Run Behavior\BuildLiteBehavior [ RunTime:0.000009s ]
INFO: [ app_init ] --END-- [ RunTime:0.000319s ]
INFO: [ app_begin ] --START--
INFO: Run Behavior\ReadHtmlCacheBehavior [ RunTime:0.000576s ]
INFO: [ app_begin ] --END-- [ RunTime:0.000635s ]
SQL: SHOW COLUMNS FROM `yd_orderlist` [ RunTime:0.0006s ]
SQL: SELECT `id`,`pay` FROM `yd_orderlist` WHERE `id` = 'yc1507975698' LIMIT 1   [ RunTime:0.0002s ]
NOTIC: [8] Undefined index: appid F:\AppServ\www\yidao\ThinkPHP\Library\Vendor\Wxpay\WxPay.Api.php 第 72 行.
NOTIC: [8] Undefined index: mch_id F:\AppServ\www\yidao\ThinkPHP\Library\Vendor\Wxpay\WxPay.Api.php 第 73 行.
NOTIC: [8] Undefined index: prepay_id F:\AppServ\www\yidao\ThinkPHP\Library\Vendor\Wxpay\WxPay.Api.php 第 74 行.
NOTIC: [8] Undefined index: nonce_str F:\AppServ\www\yidao\ThinkPHP\Library\Vendor\Wxpay\WxPay.Api.php 第 75 行.

[ 2017-10-21T17:25:47+08:00 ] 127.0.0.1 /yidao/index.php/ydapi/Index/createpaydeal.cc
INFO: [ app_init ] --START--
INFO: Run Behavior\BuildLiteBehavior [ RunTime:0.000008s ]
INFO: [ app_init ] --END-- [ RunTime:0.000302s ]
INFO: [ app_begin ] --START--
INFO: Run Behavior\ReadHtmlCacheBehavior [ RunTime:0.000613s ]
INFO: [ app_begin ] --END-- [ RunTime:0.000651s ]
SQL: SHOW COLUMNS FROM `yd_orderlist` [ RunTime:0.0005s ]
SQL: SELECT `id`,`pay` FROM `yd_orderlist` WHERE `id` = 'yc1507975698' LIMIT 1   [ RunTime:0.0001s ]

[ 2017-10-21T17:28:09+08:00 ] 127.0.0.1 /yidao/index.php/ydapi/Index/createpaydeal.cc
INFO: [ app_init ] --START--
INFO: Run Behavior\BuildLiteBehavior [ RunTime:0.000008s ]
INFO: [ app_init ] --END-- [ RunTime:0.000307s ]
INFO: [ app_begin ] --START--
INFO: Run Behavior\ReadHtmlCacheBehavior [ RunTime:0.000572s ]
INFO: [ app_begin ] --END-- [ RunTime:0.000611s ]
SQL: SHOW COLUMNS FROM `yd_orderlist` [ RunTime:0.0006s ]
SQL: SELECT `id`,`pay` FROM `yd_orderlist` WHERE `id` = 'yc1507975698' LIMIT 1   [ RunTime:0.0002s ]

[ 2017-10-21T17:32:00+08:00 ] 127.0.0.1 /yidao/index.php/ydapi/Index/createpaydeal.cc
INFO: [ app_init ] --START--
INFO: Run Behavior\BuildLiteBehavior [ RunTime:0.000009s ]
INFO: [ app_init ] --END-- [ RunTime:0.000305s ]
INFO: [ app_begin ] --START--
INFO: Run Behavior\ReadHtmlCacheBehavior [ RunTime:0.000682s ]
INFO: [ app_begin ] --END-- [ RunTime:0.000734s ]
SQL: SHOW COLUMNS FROM `yd_orderlist` [ RunTime:0.0006s ]
SQL: SELECT `id`,`pay` FROM `yd_orderlist` WHERE `id` = 'yc1507975698' LIMIT 1   [ RunTime:0.0002s ]
NOTIC: [8] Undefined index: appid F:\AppServ\www\yidao\ThinkPHP\Library\Vendor\Wxpay\WxPay.Api.php 第 72 行.
NOTIC: [8] Undefined index: mch_id F:\AppServ\www\yidao\ThinkPHP\Library\Vendor\Wxpay\WxPay.Api.php 第 73 行.
NOTIC: [8] Undefined index: prepay_id F:\AppServ\www\yidao\ThinkPHP\Library\Vendor\Wxpay\WxPay.Api.php 第 74 行.
NOTIC: [8] Undefined index: nonce_str F:\AppServ\www\yidao\ThinkPHP\Library\Vendor\Wxpay\WxPay.Api.php 第 75 行.

[ 2017-10-21T17:32:36+08:00 ] 127.0.0.1 /yidao/index.php/ydapi/Index/createpaydeal.cc
INFO: [ app_init ] --START--
INFO: Run Behavior\BuildLiteBehavior [ RunTime:0.000009s ]
INFO: [ app_init ] --END-- [ RunTime:0.000316s ]
INFO: [ app_begin ] --START--
INFO: Run Behavior\ReadHtmlCacheBehavior [ RunTime:0.000584s ]
INFO: [ app_begin ] --END-- [ RunTime:0.000636s ]
SQL: SHOW COLUMNS FROM `yd_orderlist` [ RunTime:0.0006s ]
SQL: SELECT `id`,`pay` FROM `yd_orderlist` WHERE `id` = 'yc1507975698' LIMIT 1   [ RunTime:0.0002s ]

[ 2017-10-21T17:35:20+08:00 ] 127.0.0.1 /yidao/index.php/ydapi/Index/createpaydeal.cc
INFO: [ app_init ] --START--
INFO: Run Behavior\BuildLiteBehavior [ RunTime:0.000010s ]
INFO: [ app_init ] --END-- [ RunTime:0.000336s ]
INFO: [ app_begin ] --START--
INFO: Run Behavior\ReadHtmlCacheBehavior [ RunTime:0.000585s ]
INFO: [ app_begin ] --END-- [ RunTime:0.000620s ]
SQL: SHOW COLUMNS FROM `yd_orderlist` [ RunTime:0.0006s ]
SQL: SELECT `id`,`pay` FROM `yd_orderlist` WHERE `id` = 'yc1507975698' LIMIT 1   [ RunTime:0.0002s ]

[ 2017-10-21T17:35:54+08:00 ] 127.0.0.1 /yidao/index.php/ydapi/Index/createpaydeal.cc
INFO: [ app_init ] --START--
INFO: Run Behavior\BuildLiteBehavior [ RunTime:0.000009s ]
INFO: [ app_init ] --END-- [ RunTime:0.000302s ]
INFO: [ app_begin ] --START--
INFO: Run Behavior\ReadHtmlCacheBehavior [ RunTime:0.000651s ]
INFO: [ app_begin ] --END-- [ RunTime:0.000689s ]
SQL: SHOW COLUMNS FROM `yd_orderlist` [ RunTime:0.0006s ]
SQL: SELECT `id`,`pay` FROM `yd_orderlist` WHERE `id` = 'yc1507975698' LIMIT 1   [ RunTime:0.0002s ]

[ 2017-10-21T17:36:16+08:00 ] 127.0.0.1 /yidao/index.php/ydapi/Index/createpaydeal.cc
INFO: [ app_init ] --START--
INFO: Run Behavior\BuildLiteBehavior [ RunTime:0.000010s ]
INFO: [ app_init ] --END-- [ RunTime:0.000338s ]
INFO: [ app_begin ] --START--
INFO: Run Behavior\ReadHtmlCacheBehavior [ RunTime:0.000651s ]
INFO: [ app_begin ] --END-- [ RunTime:0.000689s ]
SQL: SHOW COLUMNS FROM `yd_orderlist` [ RunTime:0.0006s ]
SQL: SELECT `id`,`pay` FROM `yd_orderlist` WHERE `id` = 'yc1507975698' LIMIT 1   [ RunTime:0.0002s ]

[ 2017-10-21T17:50:25+08:00 ] 127.0.0.1 /yidao/index.php/ydapi/Index/createpaydeal.cc
INFO: [ app_init ] --START--
INFO: Run Behavior\BuildLiteBehavior [ RunTime:0.000009s ]
INFO: [ app_init ] --END-- [ RunTime:0.000355s ]
INFO: [ app_begin ] --START--
INFO: Run Behavior\ReadHtmlCacheBehavior [ RunTime:0.000569s ]
INFO: [ app_begin ] --END-- [ RunTime:0.000605s ]
SQL: SHOW COLUMNS FROM `yd_orderlist` [ RunTime:0.0006s ]
SQL: SELECT `id`,`pay` FROM `yd_orderlist` WHERE `id` = 'yc1507975698' LIMIT 1   [ RunTime:0.0002s ]

[ 2017-10-21T17:50:27+08:00 ] 127.0.0.1 /yidao/index.php/ydapi/Index/createpaydeal.cc
INFO: [ app_init ] --START--
INFO: Run Behavior\BuildLiteBehavior [ RunTime:0.000010s ]
INFO: [ app_init ] --END-- [ RunTime:0.000351s ]
INFO: [ app_begin ] --START--
INFO: Run Behavior\ReadHtmlCacheBehavior [ RunTime:0.000603s ]
INFO: [ app_begin ] --END-- [ RunTime:0.000643s ]
SQL: SHOW COLUMNS FROM `yd_orderlist` [ RunTime:0.0006s ]
SQL: SELECT `id`,`pay` FROM `yd_orderlist` WHERE `id` = 'yc1507975698' LIMIT 1   [ RunTime:0.0002s ]

[ 2017-10-21T17:50:37+08:00 ] 127.0.0.1 /yidao/index.php/ydapi/Index/createpaydeal.cc
INFO: [ app_init ] --START--
INFO: Run Behavior\BuildLiteBehavior [ RunTime:0.000009s ]
INFO: [ app_init ] --END-- [ RunTime:0.000301s ]
INFO: [ app_begin ] --START--
INFO: Run Behavior\ReadHtmlCacheBehavior [ RunTime:0.000610s ]
INFO: [ app_begin ] --END-- [ RunTime:0.000645s ]
SQL: SHOW COLUMNS FROM `yd_orderlist` [ RunTime:0.0006s ]
SQL: SELECT `id`,`pay` FROM `yd_orderlist` WHERE `id` = 'yc1507975698' LIMIT 1   [ RunTime:0.0002s ]

[ 2017-10-21T17:59:39+08:00 ] 127.0.0.1 /yidao/index.php/ydapi/Index/createpaydeal.cc
INFO: [ app_init ] --START--
INFO: Run Behavior\BuildLiteBehavior [ RunTime:0.000008s ]
INFO: [ app_init ] --END-- [ RunTime:0.000281s ]
INFO: [ app_begin ] --START--
INFO: Run Behavior\ReadHtmlCacheBehavior [ RunTime:0.000689s ]
INFO: [ app_begin ] --END-- [ RunTime:0.000731s ]
SQL: SHOW COLUMNS FROM `yd_orderlist` [ RunTime:0.0006s ]
SQL: SELECT `id`,`pay` FROM `yd_orderlist` WHERE `id` = 'yc1507975698' LIMIT 1   [ RunTime:0.0003s ]

[ 2017-10-21T18:08:55+08:00 ] 127.0.0.1 /yidao/index.php/ydapi/Index/createpaydeal.cc
INFO: [ app_init ] --START--
INFO: Run Behavior\BuildLiteBehavior [ RunTime:0.000009s ]
INFO: [ app_init ] --END-- [ RunTime:0.000358s ]
INFO: [ app_begin ] --START--
INFO: Run Behavior\ReadHtmlCacheBehavior [ RunTime:0.000600s ]
INFO: [ app_begin ] --END-- [ RunTime:0.000638s ]
SQL: SHOW COLUMNS FROM `yd_orderlist` [ RunTime:0.0005s ]
SQL: SELECT `id`,`pay` FROM `yd_orderlist` WHERE `id` = 'yc1507975698' LIMIT 1   [ RunTime:0.0002s ]

[ 2017-10-21T18:09:58+08:00 ] 127.0.0.1 /yidao/index.php/ydapi/Index/createpaydeal.cc
INFO: [ app_init ] --START--
INFO: Run Behavior\BuildLiteBehavior [ RunTime:0.000008s ]
INFO: [ app_init ] --END-- [ RunTime:0.000299s ]
INFO: [ app_begin ] --START--
INFO: Run Behavior\ReadHtmlCacheBehavior [ RunTime:0.000587s ]
INFO: [ app_begin ] --END-- [ RunTime:0.000620s ]
SQL: SHOW COLUMNS FROM `yd_orderlist` [ RunTime:0.0006s ]
SQL: SELECT `id`,`pay` FROM `yd_orderlist` WHERE `id` = 'yc1507975698' LIMIT 1   [ RunTime:0.0002s ]

[ 2017-10-21T18:11:38+08:00 ] 127.0.0.1 /yidao/index.php/ydapi/Index/createpaydeal.cc
INFO: [ app_init ] --START--
INFO: Run Behavior\BuildLiteBehavior [ RunTime:0.000009s ]
INFO: [ app_init ] --END-- [ RunTime:0.000296s ]
INFO: [ app_begin ] --START--
INFO: Run Behavior\ReadHtmlCacheBehavior [ RunTime:0.000696s ]
INFO: [ app_begin ] --END-- [ RunTime:0.000751s ]
SQL: SHOW COLUMNS FROM `yd_orderlist` [ RunTime:0.0006s ]
SQL: SELECT `id`,`pay` FROM `yd_orderlist` WHERE `id` = 'yc1507975698' LIMIT 1   [ RunTime:0.0002s ]

[ 2017-10-21T18:12:16+08:00 ] 127.0.0.1 /yidao/index.php/ydapi/Index/createpaydeal.cc
INFO: [ app_init ] --START--
INFO: Run Behavior\BuildLiteBehavior [ RunTime:0.000008s ]
INFO: [ app_init ] --END-- [ RunTime:0.000285s ]
INFO: [ app_begin ] --START--
INFO: Run Behavior\ReadHtmlCacheBehavior [ RunTime:0.000758s ]
INFO: [ app_begin ] --END-- [ RunTime:0.000795s ]
SQL: SHOW COLUMNS FROM `yd_orderlist` [ RunTime:0.0006s ]
SQL: SELECT `id`,`pay` FROM `yd_orderlist` WHERE `id` = 'yc1507975698' LIMIT 1   [ RunTime:0.0002s ]

[ 2017-10-21T18:37:03+08:00 ] 127.0.0.1 /yidao/index.php/ydapi/Index/createpaydeal.cc
INFO: [ app_init ] --START--
INFO: Run Behavior\BuildLiteBehavior [ RunTime:0.000008s ]
INFO: [ app_init ] --END-- [ RunTime:0.000309s ]
INFO: [ app_begin ] --START--
INFO: Run Behavior\ReadHtmlCacheBehavior [ RunTime:0.000678s ]
INFO: [ app_begin ] --END-- [ RunTime:0.000719s ]
SQL: SHOW COLUMNS FROM `yd_orderlist` [ RunTime:0.0008s ]
SQL: SELECT `id`,`pay` FROM `yd_orderlist` WHERE `id` = 'yc1507975698' LIMIT 1   [ RunTime:0.0002s ]

[ 2017-10-21T18:40:17+08:00 ] 127.0.0.1 /yidao/index.php/ydapi/Index/createpaydeal.cc
INFO: [ app_init ] --START--
INFO: Run Behavior\BuildLiteBehavior [ RunTime:0.000008s ]
INFO: [ app_init ] --END-- [ RunTime:0.000285s ]
INFO: [ app_begin ] --START--
INFO: Run Behavior\ReadHtmlCacheBehavior [ RunTime:0.000530s ]
INFO: [ app_begin ] --END-- [ RunTime:0.000563s ]
SQL: SHOW COLUMNS FROM `yd_orderlist` [ RunTime:0.0007s ]
SQL: SELECT `id`,`pay` FROM `yd_orderlist` WHERE `id` = 'yc1507975698' LIMIT 1   [ RunTime:0.0002s ]

[ 2017-10-21T18:40:53+08:00 ] 127.0.0.1 /yidao/index.php/ydapi/Index/createpaydeal.cc
INFO: [ app_init ] --START--
INFO: Run Behavior\BuildLiteBehavior [ RunTime:0.000010s ]
INFO: [ app_init ] --END-- [ RunTime:0.000391s ]
INFO: [ app_begin ] --START--
INFO: Run Behavior\ReadHtmlCacheBehavior [ RunTime:0.000560s ]
INFO: [ app_begin ] --END-- [ RunTime:0.000594s ]
SQL: SHOW COLUMNS FROM `yd_orderlist` [ RunTime:0.0007s ]
SQL: SELECT `id`,`pay` FROM `yd_orderlist` WHERE `id` = 'yc1507975698' LIMIT 1   [ RunTime:0.0003s ]

[ 2017-10-21T18:42:39+08:00 ] 127.0.0.1 /yidao/index.php/ydapi/Index/createpaydeal.cc
INFO: [ app_init ] --START--
INFO: Run Behavior\BuildLiteBehavior [ RunTime:0.000010s ]
INFO: [ app_init ] --END-- [ RunTime:0.000421s ]
INFO: [ app_begin ] --START--
INFO: Run Behavior\ReadHtmlCacheBehavior [ RunTime:0.000605s ]
INFO: [ app_begin ] --END-- [ RunTime:0.000639s ]
SQL: SHOW COLUMNS FROM `yd_orderlist` [ RunTime:0.0006s ]
SQL: SELECT `id`,`pay` FROM `yd_orderlist` WHERE `id` = 'yc1507975698' LIMIT 1   [ RunTime:0.0002s ]

[ 2017-10-21T18:51:08+08:00 ] 127.0.0.1 /yidao/index.php/ydapi/Index/createpaydeal.cc
INFO: [ app_init ] --START--
INFO: Run Behavior\BuildLiteBehavior [ RunTime:0.000009s ]
INFO: [ app_init ] --END-- [ RunTime:0.000347s ]
INFO: [ app_begin ] --START--
INFO: Run Behavior\ReadHtmlCacheBehavior [ RunTime:0.000558s ]
INFO: [ app_begin ] --END-- [ RunTime:0.000593s ]
SQL: SHOW COLUMNS FROM `yd_orderlist` [ RunTime:0.0006s ]
SQL: SELECT `id`,`pay` FROM `yd_orderlist` WHERE `id` = 'yc1507975698' LIMIT 1   [ RunTime:0.0002s ]

