[ 2017-10-22T10:53:16+08:00 ] 127.0.0.1 /yidao/index.php/ydapi/Index/createpaydeal.cc
INFO: [ app_init ] --START--
INFO: Run Behavior\BuildLiteBehavior [ RunTime:0.000011s ]
INFO: [ app_init ] --END-- [ RunTime:0.009695s ]
INFO: [ app_begin ] --START--
INFO: Run Behavior\ReadHtmlCacheBehavior [ RunTime:0.059552s ]
INFO: [ app_begin ] --END-- [ RunTime:0.059630s ]
SQL: SHOW COLUMNS FROM `yd_orderlist` [ RunTime:0.0097s ]
SQL: SELECT `id`,`pay` FROM `yd_orderlist` WHERE `id` = 'yc1507975698' LIMIT 1   [ RunTime:0.0003s ]
NOTIC: [8] Undefined index: prepay_id F:\AppServ\www\yidao\ThinkPHP\Library\Vendor\Wxpay\WxPay.Api.php 第 76 行.

[ 2017-10-22T10:54:44+08:00 ] 127.0.0.1 /yidao/index.php/ydapi/Index/createpaydeal.cc
INFO: [ app_init ] --START--
INFO: Run Behavior\BuildLiteBehavior [ RunTime:0.000018s ]
INFO: [ app_init ] --END-- [ RunTime:0.000402s ]
INFO: [ app_begin ] --START--
INFO: Run Behavior\ReadHtmlCacheBehavior [ RunTime:0.000323s ]
INFO: [ app_begin ] --END-- [ RunTime:0.000359s ]
SQL: SHOW COLUMNS FROM `yd_orderlist` [ RunTime:0.0006s ]
SQL: SELECT `id`,`pay` FROM `yd_orderlist` WHERE `id` = 'yc1507975698' LIMIT 1   [ RunTime:0.0002s ]
NOTIC: [8] Undefined index: prepay_id F:\AppServ\www\yidao\ThinkPHP\Library\Vendor\Wxpay\WxPay.Api.php 第 76 行.

[ 2017-10-22T11:12:56+08:00 ] 127.0.0.1 /yidao/index.php/ydapi/Index/test.cc
INFO: [ app_init ] --START--
INFO: Run Behavior\BuildLiteBehavior [ RunTime:0.000009s ]
INFO: [ app_init ] --END-- [ RunTime:0.000291s ]
INFO: [ app_begin ] --START--
INFO: Run Behavior\ReadHtmlCacheBehavior [ RunTime:0.000421s ]
INFO: [ app_begin ] --END-- [ RunTime:0.000457s ]
INFO: [ app_end ] --START--
INFO: Run Behavior\ShowPageTraceBehavior [ RunTime:0.012724s ]
INFO: [ app_end ] --END-- [ RunTime:0.012774s ]

[ 2017-10-22T11:14:10+08:00 ] 127.0.0.1 /yidao/index.php/ydapi/Index/createpaydeal.cc
INFO: [ app_init ] --START--
INFO: Run Behavior\BuildLiteBehavior [ RunTime:0.000009s ]
INFO: [ app_init ] --END-- [ RunTime:0.000252s ]
INFO: [ app_begin ] --START--
INFO: Run Behavior\ReadHtmlCacheBehavior [ RunTime:0.000335s ]
INFO: [ app_begin ] --END-- [ RunTime:0.000370s ]
SQL: SHOW COLUMNS FROM `yd_orderlist` [ RunTime:0.0006s ]
SQL: SELECT `id`,`pay` FROM `yd_orderlist` WHERE `id` = 'yc1508568305' LIMIT 1   [ RunTime:0.0002s ]

[ 2017-10-22T11:14:17+08:00 ] 127.0.0.1 /yidao/index.php/ydapi/Index/createpaydeal.cc
INFO: [ app_init ] --START--
INFO: Run Behavior\BuildLiteBehavior [ RunTime:0.000008s ]
INFO: [ app_init ] --END-- [ RunTime:0.000262s ]
INFO: [ app_begin ] --START--
INFO: Run Behavior\ReadHtmlCacheBehavior [ RunTime:0.000344s ]
INFO: [ app_begin ] --END-- [ RunTime:0.000380s ]
SQL: SHOW COLUMNS FROM `yd_orderlist` [ RunTime:0.0005s ]
SQL: SELECT `id`,`pay` FROM `yd_orderlist` WHERE `id` = 'yc1508568305' LIMIT 1   [ RunTime:0.0002s ]

[ 2017-10-22T11:14:28+08:00 ] 127.0.0.1 /yidao/index.php/ydapi/Index/createpaydeal.cc
INFO: [ app_init ] --START--
INFO: Run Behavior\BuildLiteBehavior [ RunTime:0.000009s ]
INFO: [ app_init ] --END-- [ RunTime:0.000277s ]
INFO: [ app_begin ] --START--
INFO: Run Behavior\ReadHtmlCacheBehavior [ RunTime:0.000318s ]
INFO: [ app_begin ] --END-- [ RunTime:0.000353s ]
SQL: SHOW COLUMNS FROM `yd_orderlist` [ RunTime:0.0006s ]
SQL: SELECT `id`,`pay` FROM `yd_orderlist` WHERE `id` = 'yc1508568305' LIMIT 1   [ RunTime:0.0002s ]

[ 2017-10-22T11:15:11+08:00 ] 127.0.0.1 /yidao/index.php/ydapi/Index/createpaydeal.cc
INFO: [ app_init ] --START--
INFO: Run Behavior\BuildLiteBehavior [ RunTime:0.000012s ]
INFO: [ app_init ] --END-- [ RunTime:0.000329s ]
INFO: [ app_begin ] --START--
INFO: Run Behavior\ReadHtmlCacheBehavior [ RunTime:0.000471s ]
INFO: [ app_begin ] --END-- [ RunTime:0.000513s ]
SQL: SHOW COLUMNS FROM `yd_orderlist` [ RunTime:0.0005s ]
SQL: SELECT `id`,`pay` FROM `yd_orderlist` WHERE `id` = 'yc1508568305' LIMIT 1   [ RunTime:0.0001s ]

[ 2017-10-22T11:15:26+08:00 ] 127.0.0.1 /yidao/index.php/ydapi/Index/createpaydeal.cc
INFO: [ app_init ] --START--
INFO: Run Behavior\BuildLiteBehavior [ RunTime:0.000008s ]
INFO: [ app_init ] --END-- [ RunTime:0.000274s ]
INFO: [ app_begin ] --START--
INFO: Run Behavior\ReadHtmlCacheBehavior [ RunTime:0.000442s ]
INFO: [ app_begin ] --END-- [ RunTime:0.000483s ]
SQL: SHOW COLUMNS FROM `yd_orderlist` [ RunTime:0.0006s ]
SQL: SELECT `id`,`pay` FROM `yd_orderlist` WHERE `id` = 'yc1508568305' LIMIT 1   [ RunTime:0.0002s ]

[ 2017-10-22T11:15:47+08:00 ] 127.0.0.1 /yidao/index.php/ydapi/Index/createpaydeal.cc
INFO: [ app_init ] --START--
INFO: Run Behavior\BuildLiteBehavior [ RunTime:0.000008s ]
INFO: [ app_init ] --END-- [ RunTime:0.000259s ]
INFO: [ app_begin ] --START--
INFO: Run Behavior\ReadHtmlCacheBehavior [ RunTime:0.000320s ]
INFO: [ app_begin ] --END-- [ RunTime:0.000356s ]
SQL: SHOW COLUMNS FROM `yd_orderlist` [ RunTime:0.0006s ]
SQL: SELECT `id`,`pay` FROM `yd_orderlist` WHERE `id` = 'yc1508568305' LIMIT 1   [ RunTime:0.0001s ]

[ 2017-10-22T11:54:41+08:00 ] 127.0.0.1 /yidao/index.php/ydapi/Index/createpaydeal.cc
INFO: [ app_init ] --START--
INFO: Run Behavior\BuildLiteBehavior [ RunTime:0.000008s ]
INFO: [ app_init ] --END-- [ RunTime:0.000342s ]
INFO: [ app_begin ] --START--
INFO: Run Behavior\ReadHtmlCacheBehavior [ RunTime:0.000402s ]
INFO: [ app_begin ] --END-- [ RunTime:0.000436s ]
SQL: SHOW COLUMNS FROM `yd_orderlist` [ RunTime:0.0008s ]
SQL: SELECT `id`,`pay` FROM `yd_orderlist` WHERE `id` = 'yc1507975698' LIMIT 1   [ RunTime:0.0002s ]

[ 2017-10-22T11:54:49+08:00 ] 127.0.0.1 /yidao/index.php/ydapi/Index/createpaydeal.cc
INFO: [ app_init ] --START--
INFO: Run Behavior\BuildLiteBehavior [ RunTime:0.000008s ]
INFO: [ app_init ] --END-- [ RunTime:0.000272s ]
INFO: [ app_begin ] --START--
INFO: Run Behavior\ReadHtmlCacheBehavior [ RunTime:0.000316s ]
INFO: [ app_begin ] --END-- [ RunTime:0.000357s ]
SQL: SHOW COLUMNS FROM `yd_orderlist` [ RunTime:0.0006s ]
SQL: SELECT `id`,`pay` FROM `yd_orderlist` WHERE `id` = 'yc1507975698' LIMIT 1   [ RunTime:0.0002s ]

[ 2017-10-22T11:54:50+08:00 ] 127.0.0.1 /yidao/index.php/ydapi/Index/createpaydeal.cc
INFO: [ app_init ] --START--
INFO: Run Behavior\BuildLiteBehavior [ RunTime:0.000008s ]
INFO: [ app_init ] --END-- [ RunTime:0.000247s ]
INFO: [ app_begin ] --START--
INFO: Run Behavior\ReadHtmlCacheBehavior [ RunTime:0.000337s ]
INFO: [ app_begin ] --END-- [ RunTime:0.000370s ]
SQL: SHOW COLUMNS FROM `yd_orderlist` [ RunTime:0.0006s ]
SQL: SELECT `id`,`pay` FROM `yd_orderlist` WHERE `id` = 'yc1507975698' LIMIT 1   [ RunTime:0.0002s ]

[ 2017-10-22T11:54:52+08:00 ] 127.0.0.1 /yidao/index.php/ydapi/Index/createpaydeal.cc
INFO: [ app_init ] --START--
INFO: Run Behavior\BuildLiteBehavior [ RunTime:0.000009s ]
INFO: [ app_init ] --END-- [ RunTime:0.000254s ]
INFO: [ app_begin ] --START--
INFO: Run Behavior\ReadHtmlCacheBehavior [ RunTime:0.000345s ]
INFO: [ app_begin ] --END-- [ RunTime:0.000384s ]
SQL: SHOW COLUMNS FROM `yd_orderlist` [ RunTime:0.0006s ]
SQL: SELECT `id`,`pay` FROM `yd_orderlist` WHERE `id` = 'yc1507975698' LIMIT 1   [ RunTime:0.0002s ]

[ 2017-10-22T15:15:36+08:00 ] 127.0.0.1 /yidao/index.php/ydapi/Index/createpaydeal.cc
INFO: [ app_init ] --START--
INFO: Run Behavior\BuildLiteBehavior [ RunTime:0.000009s ]
INFO: [ app_init ] --END-- [ RunTime:0.000304s ]
INFO: [ app_begin ] --START--
INFO: Run Behavior\ReadHtmlCacheBehavior [ RunTime:0.000407s ]
INFO: [ app_begin ] --END-- [ RunTime:0.000441s ]
SQL: SHOW COLUMNS FROM `yd_orderlist` [ RunTime:0.0228s ]
SQL: SELECT `id`,`pay` FROM `yd_orderlist` WHERE `id` = 'yc1507975698' LIMIT 1   [ RunTime:0.0378s ]

[ 2017-10-22T15:15:55+08:00 ] 127.0.0.1 /yidao/index.php/ydapi/Index/createpaydeal.cc
INFO: [ app_init ] --START--
INFO: Run Behavior\BuildLiteBehavior [ RunTime:0.000009s ]
INFO: [ app_init ] --END-- [ RunTime:0.000343s ]
INFO: [ app_begin ] --START--
INFO: Run Behavior\ReadHtmlCacheBehavior [ RunTime:0.000546s ]
INFO: [ app_begin ] --END-- [ RunTime:0.000584s ]
SQL: SHOW COLUMNS FROM `yd_orderlist` [ RunTime:0.0006s ]
SQL: SELECT `id`,`pay` FROM `yd_orderlist` WHERE `id` = 'yc1507975698' LIMIT 1   [ RunTime:0.0002s ]

[ 2017-10-22T15:16:18+08:00 ] 127.0.0.1 /yidao/index.php/ydapi/Index/createpaydeal.cc
INFO: [ app_init ] --START--
INFO: Run Behavior\BuildLiteBehavior [ RunTime:0.000009s ]
INFO: [ app_init ] --END-- [ RunTime:0.000255s ]
INFO: [ app_begin ] --START--
INFO: Run Behavior\ReadHtmlCacheBehavior [ RunTime:0.000307s ]
INFO: [ app_begin ] --END-- [ RunTime:0.000342s ]
SQL: SHOW COLUMNS FROM `yd_orderlist` [ RunTime:0.0150s ]
SQL: SELECT `id`,`pay` FROM `yd_orderlist` WHERE `id` = 'yc1507975698' LIMIT 1   [ RunTime:0.0002s ]

[ 2017-10-22T15:16:56+08:00 ] 127.0.0.1 /yidao/index.php/ydapi/Index/createpaydeal.cc
INFO: [ app_init ] --START--
INFO: Run Behavior\BuildLiteBehavior [ RunTime:0.000009s ]
INFO: [ app_init ] --END-- [ RunTime:0.000258s ]
INFO: [ app_begin ] --START--
INFO: Run Behavior\ReadHtmlCacheBehavior [ RunTime:0.001086s ]
INFO: [ app_begin ] --END-- [ RunTime:0.001133s ]
SQL: SHOW COLUMNS FROM `yd_orderlist` [ RunTime:0.0096s ]
SQL: SELECT `id`,`pay` FROM `yd_orderlist` WHERE `id` = 'yc1507975698' LIMIT 1   [ RunTime:0.0002s ]

[ 2017-10-22T15:17:43+08:00 ] 127.0.0.1 /yidao/index.php/ydapi/Index/createpaydeal.cc
INFO: [ app_init ] --START--
INFO: Run Behavior\BuildLiteBehavior [ RunTime:0.000009s ]
INFO: [ app_init ] --END-- [ RunTime:0.000320s ]
INFO: [ app_begin ] --START--
INFO: Run Behavior\ReadHtmlCacheBehavior [ RunTime:0.000494s ]
INFO: [ app_begin ] --END-- [ RunTime:0.000533s ]
SQL: SHOW COLUMNS FROM `yd_orderlist` [ RunTime:0.0006s ]
SQL: SELECT `id`,`pay` FROM `yd_orderlist` WHERE `id` = 'yc1507975698' LIMIT 1   [ RunTime:0.0002s ]
NOTIC: [8] Undefined index: prepay_id F:\AppServ\www\yidao\ThinkPHP\Library\Vendor\Wxpay\WxPay.Api.php 第 76 行.

[ 2017-10-22T15:35:10+08:00 ] 127.0.0.1 /yidao/index.php/ydapi/Index/createpaydeal.cc
INFO: [ app_init ] --START--
INFO: Run Behavior\BuildLiteBehavior [ RunTime:0.000012s ]
INFO: [ app_init ] --END-- [ RunTime:0.000482s ]
INFO: [ app_begin ] --START--
INFO: Run Behavior\ReadHtmlCacheBehavior [ RunTime:0.000428s ]
INFO: [ app_begin ] --END-- [ RunTime:0.000465s ]
SQL: SHOW COLUMNS FROM `yd_orderlist` [ RunTime:0.0104s ]
SQL: SELECT `id`,`pay` FROM `yd_orderlist` WHERE `id` = 'yc1507975698' LIMIT 1   [ RunTime:0.0002s ]
NOTIC: [8] Undefined index: prepay_id F:\AppServ\www\yidao\ThinkPHP\Library\Vendor\Wxpay\WxPay.Api.php 第 76 行.

[ 2017-10-22T17:44:56+08:00 ] 192.168.4.101 /yidao/index.php/ydapi/index/index.cc
INFO: [ app_init ] --START--
INFO: Run Behavior\BuildLiteBehavior [ RunTime:0.000007s ]
INFO: [ app_init ] --END-- [ RunTime:0.000336s ]
INFO: [ app_begin ] --START--
INFO: Run Behavior\ReadHtmlCacheBehavior [ RunTime:0.000391s ]
INFO: [ app_begin ] --END-- [ RunTime:0.000424s ]
NOTIC: [2] Missing argument 1 for Think\Controller::show(), called in F:\AppServ\www\yidao\Application\Ydapi\Controller\IndexController.class.php on line 20 and defined F:\AppServ\www\yidao\ThinkPHP\Library\Think\Controller.class.php 第 68 行.
NOTIC: [8] Undefined variable: content F:\AppServ\www\yidao\ThinkPHP\Library\Think\Controller.class.php 第 69 行.
INFO: [ view_parse ] --START--
INFO: [ template_filter ] --START--
INFO: Run Behavior\ContentReplaceBehavior [ RunTime:0.000149s ]
INFO: [ template_filter ] --END-- [ RunTime:0.000218s ]
INFO: Run Behavior\ParseTemplateBehavior [ RunTime:0.034860s ]
INFO: [ view_parse ] --END-- [ RunTime:0.034902s ]
INFO: [ view_filter ] --START--
INFO: Run Behavior\WriteHtmlCacheBehavior [ RunTime:0.000329s ]
INFO: [ view_filter ] --END-- [ RunTime:0.000354s ]
INFO: [ app_end ] --START--
INFO: Run Behavior\ShowPageTraceBehavior [ RunTime:0.000519s ]
INFO: [ app_end ] --END-- [ RunTime:0.000551s ]

